TpTrace Verbose: 0 : 37456, 1, 2023/06/26, 15:54:40.339, 2854446771672, vstest.console.dll, Version: 17.1.0-release-20220113-05
TpTrace Information: 0 : 37456, 1, 2023/06/26, 15:54:40.349, 2854446844675, vstest.console.dll, FilePatternParser: The given file C:\Users\ijuliani\source\repos\AtivaBank\AtivaBank.Test\bin\Debug\net6.0\fine-code-coverage\build-output\AtivaBank.Test.dll is a full path.
TpTrace Verbose: 0 : 37456, 1, 2023/06/26, 15:54:40.354, 2854446896562, vstest.console.dll, TestPluginCache.DiscoverTestExtensions: finding test extensions in assemblies ends with: RuntimeProvider.dll TPluginInfo: Microsoft.VisualStudio.TestPlatform.Common.ExtensionFramework.Utilities.TestRuntimePluginInformation TExtension: Microsoft.VisualStudio.TestPlatform.ObjectModel.Host.ITestRuntimeProvider
TpTrace Verbose: 0 : 37456, 1, 2023/06/26, 15:54:40.355, 2854446901500, vstest.console.dll, TestPluginCache.GetExtensionPaths: Filtered extension paths: 
TpTrace Verbose: 0 : 37456, 1, 2023/06/26, 15:54:40.355, 2854446902759, vstest.console.dll, TestPluginCache.GetExtensionPaths: Added default extension paths: C:\Program Files\dotnet\sdk\6.0.200\Extensions\DumpMinitool.exe
C:\Program Files\dotnet\sdk\6.0.200\Extensions\DumpMinitool.x86.exe
C:\Program Files\dotnet\sdk\6.0.200\Extensions\Microsoft.Diagnostics.NETCore.Client.dll
C:\Program Files\dotnet\sdk\6.0.200\Extensions\Microsoft.TestPlatform.Extensions.BlameDataCollector.dll
C:\Program Files\dotnet\sdk\6.0.200\Extensions\Microsoft.TestPlatform.Extensions.EventLogCollector.dll
C:\Program Files\dotnet\sdk\6.0.200\Extensions\Microsoft.TestPlatform.TestHostRuntimeProvider.dll
C:\Program Files\dotnet\sdk\6.0.200\Extensions\Microsoft.VisualStudio.TestPlatform.Extensions.Html.TestLogger.dll
C:\Program Files\dotnet\sdk\6.0.200\Extensions\Microsoft.VisualStudio.TestPlatform.Extensions.Trx.TestLogger.dll
TpTrace Verbose: 0 : 37456, 1, 2023/06/26, 15:54:40.355, 2854446903181, vstest.console.dll, TestPluginCache.GetExtensionPaths: Added unfilterableExtensionPaths: 
TpTrace Information: 0 : 37456, 1, 2023/06/26, 15:54:40.356, 2854446910281, vstest.console.dll, AssemblyResolver.ctor: Creating AssemblyResolver with searchDirectories C:\Program Files\dotnet\sdk\6.0.200\Extensions,C:\Program Files\dotnet\sdk\6.0.200
TpTrace Verbose: 0 : 37456, 1, 2023/06/26, 15:54:40.357, 2854446919052, vstest.console.dll, TestPluginCache.DiscoverTestExtensions: Discovering the extensions using extension path.
TpTrace Verbose: 0 : 37456, 1, 2023/06/26, 15:54:40.357, 2854446920222, vstest.console.dll, TestPluginCache.GetExtensionPaths: Filtered extension paths: 
TpTrace Verbose: 0 : 37456, 1, 2023/06/26, 15:54:40.357, 2854446920496, vstest.console.dll, TestPluginCache.GetExtensionPaths: Added default extension paths: C:\Program Files\dotnet\sdk\6.0.200\Extensions\DumpMinitool.exe
C:\Program Files\dotnet\sdk\6.0.200\Extensions\DumpMinitool.x86.exe
C:\Program Files\dotnet\sdk\6.0.200\Extensions\Microsoft.Diagnostics.NETCore.Client.dll
C:\Program Files\dotnet\sdk\6.0.200\Extensions\Microsoft.TestPlatform.Extensions.BlameDataCollector.dll
C:\Program Files\dotnet\sdk\6.0.200\Extensions\Microsoft.TestPlatform.Extensions.EventLogCollector.dll
C:\Program Files\dotnet\sdk\6.0.200\Extensions\Microsoft.TestPlatform.TestHostRuntimeProvider.dll
C:\Program Files\dotnet\sdk\6.0.200\Extensions\Microsoft.VisualStudio.TestPlatform.Extensions.Html.TestLogger.dll
C:\Program Files\dotnet\sdk\6.0.200\Extensions\Microsoft.VisualStudio.TestPlatform.Extensions.Trx.TestLogger.dll
TpTrace Verbose: 0 : 37456, 1, 2023/06/26, 15:54:40.357, 2854446920733, vstest.console.dll, TestPluginCache.GetExtensionPaths: Added unfilterableExtensionPaths: 
TpTrace Verbose: 0 : 37456, 1, 2023/06/26, 15:54:40.357, 2854446921150, vstest.console.dll, TestPluginCache.DiscoverTestExtensions: Discovering the extensions using allExtensionPaths: C:\Program Files\dotnet\sdk\6.0.200\Extensions\DumpMinitool.exe
C:\Program Files\dotnet\sdk\6.0.200\Extensions\DumpMinitool.x86.exe
C:\Program Files\dotnet\sdk\6.0.200\Extensions\Microsoft.Diagnostics.NETCore.Client.dll
C:\Program Files\dotnet\sdk\6.0.200\Extensions\Microsoft.TestPlatform.Extensions.BlameDataCollector.dll
C:\Program Files\dotnet\sdk\6.0.200\Extensions\Microsoft.TestPlatform.Extensions.EventLogCollector.dll
C:\Program Files\dotnet\sdk\6.0.200\Extensions\Microsoft.TestPlatform.TestHostRuntimeProvider.dll
C:\Program Files\dotnet\sdk\6.0.200\Extensions\Microsoft.VisualStudio.TestPlatform.Extensions.Html.TestLogger.dll
C:\Program Files\dotnet\sdk\6.0.200\Extensions\Microsoft.VisualStudio.TestPlatform.Extensions.Trx.TestLogger.dll
TpTrace Information: 0 : 37456, 1, 2023/06/26, 15:54:40.357, 2854446922297, vstest.console.dll, AssemblyResolver.AddSearchDirectories: Adding more searchDirectories C:\Program Files\dotnet\sdk\6.0.200\Extensions,C:\Program Files\dotnet\sdk\6.0.200
TpTrace Information: 0 : 37456, 1, 2023/06/26, 15:54:40.357, 2854446922686, vstest.console.dll, AssemblyResolver.AddSearchDirectories: Adding more searchDirectories C:\Program Files\dotnet\sdk\6.0.200\Extensions,C:\Program Files\dotnet\sdk\6.0.200
TpTrace Information: 0 : 37456, 1, 2023/06/26, 15:54:40.357, 2854446922912, vstest.console.dll, AssemblyResolver.AddSearchDirectories: Adding more searchDirectories C:\Program Files\dotnet\sdk\6.0.200\Extensions,C:\Program Files\dotnet\sdk\6.0.200
TpTrace Information: 0 : 37456, 1, 2023/06/26, 15:54:40.357, 2854446923095, vstest.console.dll, AssemblyResolver.AddSearchDirectories: Adding more searchDirectories C:\Program Files\dotnet\sdk\6.0.200\Extensions,C:\Program Files\dotnet\sdk\6.0.200
TpTrace Information: 0 : 37456, 1, 2023/06/26, 15:54:40.357, 2854446923271, vstest.console.dll, AssemblyResolver.AddSearchDirectories: Adding more searchDirectories C:\Program Files\dotnet\sdk\6.0.200\Extensions,C:\Program Files\dotnet\sdk\6.0.200
TpTrace Information: 0 : 37456, 1, 2023/06/26, 15:54:40.357, 2854446923483, vstest.console.dll, AssemblyResolver.AddSearchDirectories: Adding more searchDirectories C:\Program Files\dotnet\sdk\6.0.200\Extensions,C:\Program Files\dotnet\sdk\6.0.200
TpTrace Information: 0 : 37456, 1, 2023/06/26, 15:54:40.357, 2854446923663, vstest.console.dll, AssemblyResolver.AddSearchDirectories: Adding more searchDirectories C:\Program Files\dotnet\sdk\6.0.200\Extensions,C:\Program Files\dotnet\sdk\6.0.200
TpTrace Information: 0 : 37456, 1, 2023/06/26, 15:54:40.357, 2854446923907, vstest.console.dll, AssemblyResolver.AddSearchDirectories: Adding more searchDirectories C:\Program Files\dotnet\sdk\6.0.200\Extensions,C:\Program Files\dotnet\sdk\6.0.200
TpTrace Information: 0 : 37456, 1, 2023/06/26, 15:54:40.357, 2854446926623, vstest.console.dll, AssemblyResolver.OnResolve: DumpMinitool: Resolving assembly.
TpTrace Information: 0 : 37456, 1, 2023/06/26, 15:54:40.358, 2854446927172, vstest.console.dll, AssemblyResolver.OnResolve: DumpMinitool: Searching in: 'C:\Program Files\dotnet\sdk\6.0.200\Extensions'.
TpTrace Information: 0 : 37456, 1, 2023/06/26, 15:54:40.358, 2854446927991, vstest.console.dll, AssemblyResolver.OnResolve: DumpMinitool: Assembly path does not exist: 'C:\Program Files\dotnet\sdk\6.0.200\Extensions\DumpMinitool.dll', returning.
TpTrace Information: 0 : 37456, 1, 2023/06/26, 15:54:40.359, 2854446937978, vstest.console.dll, AssemblyResolver.OnResolve: DumpMinitool: Loading assembly 'C:\Program Files\dotnet\sdk\6.0.200\Extensions\DumpMinitool.exe'.
TpTrace Information: 0 : 37456, 1, 2023/06/26, 15:54:40.359, 2854446942762, vstest.console.dll, AssemblyResolver.OnResolve: Resolved assembly: DumpMinitool, from path: C:\Program Files\dotnet\sdk\6.0.200\Extensions\DumpMinitool.exe
TpTrace Information: 0 : 37456, 1, 2023/06/26, 15:54:40.364, 2854446991926, vstest.console.dll, AssemblyResolver.OnResolve: DumpMinitool.x86: Resolving assembly.
TpTrace Information: 0 : 37456, 1, 2023/06/26, 15:54:40.364, 2854446992740, vstest.console.dll, AssemblyResolver.OnResolve: DumpMinitool.x86: Searching in: 'C:\Program Files\dotnet\sdk\6.0.200\Extensions'.
TpTrace Information: 0 : 37456, 1, 2023/06/26, 15:54:40.364, 2854446993474, vstest.console.dll, AssemblyResolver.OnResolve: DumpMinitool.x86: Assembly path does not exist: 'C:\Program Files\dotnet\sdk\6.0.200\Extensions\DumpMinitool.x86.dll', returning.
TpTrace Information: 0 : 37456, 1, 2023/06/26, 15:54:40.364, 2854446996966, vstest.console.dll, AssemblyResolver.OnResolve: DumpMinitool.x86: Loading assembly 'C:\Program Files\dotnet\sdk\6.0.200\Extensions\DumpMinitool.x86.exe'.
TpTrace Information: 0 : 37456, 1, 2023/06/26, 15:54:40.365, 2854447002175, vstest.console.dll, AssemblyResolver.OnResolve: Resolved assembly: DumpMinitool.x86, from path: C:\Program Files\dotnet\sdk\6.0.200\Extensions\DumpMinitool.x86.exe
TpTrace Information: 0 : 37456, 1, 2023/06/26, 15:54:40.365, 2854447004969, vstest.console.dll, AssemblyResolver.OnResolve: Microsoft.Diagnostics.NETCore.Client: Resolving assembly.
TpTrace Information: 0 : 37456, 1, 2023/06/26, 15:54:40.365, 2854447005402, vstest.console.dll, AssemblyResolver.OnResolve: Microsoft.Diagnostics.NETCore.Client: Searching in: 'C:\Program Files\dotnet\sdk\6.0.200\Extensions'.
TpTrace Information: 0 : 37456, 1, 2023/06/26, 15:54:40.366, 2854447007950, vstest.console.dll, AssemblyResolver.OnResolve: Microsoft.Diagnostics.NETCore.Client: Loading assembly 'C:\Program Files\dotnet\sdk\6.0.200\Extensions\Microsoft.Diagnostics.NETCore.Client.dll'.
TpTrace Information: 0 : 37456, 1, 2023/06/26, 15:54:40.366, 2854447013334, vstest.console.dll, AssemblyResolver.OnResolve: Resolved assembly: Microsoft.Diagnostics.NETCore.Client, from path: C:\Program Files\dotnet\sdk\6.0.200\Extensions\Microsoft.Diagnostics.NETCore.Client.dll
TpTrace Information: 0 : 37456, 1, 2023/06/26, 15:54:40.369, 2854447043254, vstest.console.dll, AssemblyResolver.OnResolve: Microsoft.Bcl.AsyncInterfaces: Resolving assembly.
TpTrace Information: 0 : 37456, 1, 2023/06/26, 15:54:40.369, 2854447044067, vstest.console.dll, AssemblyResolver.OnResolve: Microsoft.Bcl.AsyncInterfaces: Searching in: 'C:\Program Files\dotnet\sdk\6.0.200\Extensions'.
TpTrace Information: 0 : 37456, 1, 2023/06/26, 15:54:40.369, 2854447044860, vstest.console.dll, AssemblyResolver.OnResolve: Microsoft.Bcl.AsyncInterfaces: Assembly path does not exist: 'C:\Program Files\dotnet\sdk\6.0.200\Extensions\Microsoft.Bcl.AsyncInterfaces.dll', returning.
TpTrace Information: 0 : 37456, 1, 2023/06/26, 15:54:40.369, 2854447045429, vstest.console.dll, AssemblyResolver.OnResolve: Microsoft.Bcl.AsyncInterfaces: Assembly path does not exist: 'C:\Program Files\dotnet\sdk\6.0.200\Extensions\Microsoft.Bcl.AsyncInterfaces.exe', returning.
TpTrace Information: 0 : 37456, 1, 2023/06/26, 15:54:40.369, 2854447045739, vstest.console.dll, AssemblyResolver.OnResolve: Microsoft.Bcl.AsyncInterfaces: Searching in: 'C:\Program Files\dotnet\sdk\6.0.200'.
TpTrace Information: 0 : 37456, 1, 2023/06/26, 15:54:40.369, 2854447046315, vstest.console.dll, AssemblyResolver.OnResolve: Microsoft.Bcl.AsyncInterfaces: Assembly path does not exist: 'C:\Program Files\dotnet\sdk\6.0.200\Microsoft.Bcl.AsyncInterfaces.dll', returning.
TpTrace Information: 0 : 37456, 1, 2023/06/26, 15:54:40.369, 2854447046778, vstest.console.dll, AssemblyResolver.OnResolve: Microsoft.Bcl.AsyncInterfaces: Assembly path does not exist: 'C:\Program Files\dotnet\sdk\6.0.200\Microsoft.Bcl.AsyncInterfaces.exe', returning.
TpTrace Information: 0 : 37456, 1, 2023/06/26, 15:54:40.369, 2854447047006, vstest.console.dll, AssemblyResolver.OnResolve: Microsoft.Bcl.AsyncInterfaces: Failed to load assembly.
TpTrace Verbose: 0 : 37456, 1, 2023/06/26, 15:54:40.370, 2854447047406, vstest.console.dll, CurrentDomainAssemblyResolve: Resolving assembly 'Microsoft.Bcl.AsyncInterfaces'.
TpTrace Information: 0 : 37456, 1, 2023/06/26, 15:54:40.370, 2854447047910, vstest.console.dll, AssemblyResolver.OnResolve: Microsoft.Bcl.AsyncInterfaces: Resolving assembly.
TpTrace Information: 0 : 37456, 1, 2023/06/26, 15:54:40.370, 2854447048238, vstest.console.dll, AssemblyResolver.OnResolve: Microsoft.Bcl.AsyncInterfaces: Resolved from cache.
TpTrace Verbose: 0 : 37456, 1, 2023/06/26, 15:54:40.370, 2854447048481, vstest.console.dll, CurrentDomainAssemblyResolve: Resolving assembly 'Microsoft.Bcl.AsyncInterfaces'.
TpTrace Verbose: 0 : 37456, 1, 2023/06/26, 15:54:40.370, 2854447048832, vstest.console.dll, CurrentDomainAssemblyResolve: Failed to resolve assembly 'Microsoft.Bcl.AsyncInterfaces'.
TpTrace Verbose: 0 : 37456, 1, 2023/06/26, 15:54:40.370, 2854447054581, vstest.console.dll, CurrentDomainAssemblyResolve: Failed to resolve assembly 'Microsoft.Bcl.AsyncInterfaces'.
TpTrace Warning: 0 : 37456, 1, 2023/06/26, 15:54:40.385, 2854447197329, vstest.console.dll, TestPluginDiscoverer: Failed to get types from assembly 'Microsoft.Diagnostics.NETCore.Client, Version=0.2.5.801, Culture=neutral, PublicKeyToken=31bf3856ad364e35'.  Skipping test extension scan for this assembly.  Error: System.Reflection.ReflectionTypeLoadException: Unable to load one or more of the requested types.
Could not load file or assembly 'Microsoft.Bcl.AsyncInterfaces, Version=1.0.0.0, Culture=neutral, PublicKeyToken=cc7b13ffcd2ddd51'. The system cannot find the file specified.
   at System.Reflection.RuntimeModule.GetTypes(RuntimeModule module)
   at System.Reflection.Assembly.GetTypes()
   at Microsoft.VisualStudio.TestPlatform.Common.ExtensionFramework.TestPluginDiscoverer.GetTestExtensionsFromAssembly[TPluginInfo,TExtension](Assembly assembly, Dictionary`2 pluginInfos)
System.IO.FileNotFoundException: Could not load file or assembly 'Microsoft.Bcl.AsyncInterfaces, Version=1.0.0.0, Culture=neutral, PublicKeyToken=cc7b13ffcd2ddd51'. The system cannot find the file specified.
File name: 'Microsoft.Bcl.AsyncInterfaces, Version=1.0.0.0, Culture=neutral, PublicKeyToken=cc7b13ffcd2ddd51'
 ---> System.IO.FileNotFoundException: Could not load file or assembly 'Microsoft.Bcl.AsyncInterfaces, Culture=neutral, PublicKeyToken=null'. The system cannot find the file specified.
File name: 'Microsoft.Bcl.AsyncInterfaces, Culture=neutral, PublicKeyToken=null'
   at System.Reflection.RuntimeAssembly.InternalLoad(ObjectHandleOnStack assemblyName, ObjectHandleOnStack requestingAssembly, StackCrawlMarkHandle stackMark, Boolean throwOnFileNotFound, ObjectHandleOnStack assemblyLoadContext, ObjectHandleOnStack retAssembly)
   at System.Reflection.RuntimeAssembly.InternalLoad(AssemblyName assemblyName, RuntimeAssembly requestingAssembly, StackCrawlMark& stackMark, Boolean throwOnFileNotFound, AssemblyLoadContext assemblyLoadContext)
   at System.Reflection.Assembly.Load(AssemblyName assemblyRef)
   at Microsoft.VisualStudio.TestPlatform.Common.ExtensionFramework.TestPluginCache.CurrentDomainAssemblyResolve(Object sender, AssemblyResolveEventArgs args)
   at Microsoft.VisualStudio.TestPlatform.PlatformAbstractions.PlatformAssemblyResolver.AssemblyResolverEvent(Object sender, Object eventArgs)
   at System.Runtime.Loader.AssemblyLoadContext.GetFirstResolvedAssemblyFromResolvingEvent(AssemblyName assemblyName)
   at System.Runtime.Loader.AssemblyLoadContext.ResolveUsingEvent(AssemblyName assemblyName)
   at System.Runtime.Loader.AssemblyLoadContext.ResolveUsingResolvingEvent(IntPtr gchManagedAssemblyLoadContext, AssemblyName assemblyName)
TpTrace Warning: 0 : 37456, 1, 2023/06/26, 15:54:40.385, 2854447199662, vstest.console.dll, LoaderExceptions: System.IO.FileNotFoundException: Could not load file or assembly 'Microsoft.Bcl.AsyncInterfaces, Version=1.0.0.0, Culture=neutral, PublicKeyToken=cc7b13ffcd2ddd51'. The system cannot find the file specified.
File name: 'Microsoft.Bcl.AsyncInterfaces, Version=1.0.0.0, Culture=neutral, PublicKeyToken=cc7b13ffcd2ddd51'
 ---> System.IO.FileNotFoundException: Could not load file or assembly 'Microsoft.Bcl.AsyncInterfaces, Culture=neutral, PublicKeyToken=null'. The system cannot find the file specified.
File name: 'Microsoft.Bcl.AsyncInterfaces, Culture=neutral, PublicKeyToken=null'
   at System.Reflection.RuntimeAssembly.InternalLoad(ObjectHandleOnStack assemblyName, ObjectHandleOnStack requestingAssembly, StackCrawlMarkHandle stackMark, Boolean throwOnFileNotFound, ObjectHandleOnStack assemblyLoadContext, ObjectHandleOnStack retAssembly)
   at System.Reflection.RuntimeAssembly.InternalLoad(AssemblyName assemblyName, RuntimeAssembly requestingAssembly, StackCrawlMark& stackMark, Boolean throwOnFileNotFound, AssemblyLoadContext assemblyLoadContext)
   at System.Reflection.Assembly.Load(AssemblyName assemblyRef)
   at Microsoft.VisualStudio.TestPlatform.Common.ExtensionFramework.TestPluginCache.CurrentDomainAssemblyResolve(Object sender, AssemblyResolveEventArgs args)
   at Microsoft.VisualStudio.TestPlatform.PlatformAbstractions.PlatformAssemblyResolver.AssemblyResolverEvent(Object sender, Object eventArgs)
   at System.Runtime.Loader.AssemblyLoadContext.GetFirstResolvedAssemblyFromResolvingEvent(AssemblyName assemblyName)
   at System.Runtime.Loader.AssemblyLoadContext.ResolveUsingEvent(AssemblyName assemblyName)
   at System.Runtime.Loader.AssemblyLoadContext.ResolveUsingResolvingEvent(IntPtr gchManagedAssemblyLoadContext, AssemblyName assemblyName)
TpTrace Information: 0 : 37456, 1, 2023/06/26, 15:54:40.385, 2854447202254, vstest.console.dll, AssemblyResolver.OnResolve: Microsoft.TestPlatform.Extensions.BlameDataCollector: Resolving assembly.
TpTrace Information: 0 : 37456, 1, 2023/06/26, 15:54:40.385, 2854447202783, vstest.console.dll, AssemblyResolver.OnResolve: Microsoft.TestPlatform.Extensions.BlameDataCollector: Searching in: 'C:\Program Files\dotnet\sdk\6.0.200\Extensions'.
TpTrace Information: 0 : 37456, 1, 2023/06/26, 15:54:40.385, 2854447206438, vstest.console.dll, AssemblyResolver.OnResolve: Microsoft.TestPlatform.Extensions.BlameDataCollector: Loading assembly 'C:\Program Files\dotnet\sdk\6.0.200\Extensions\Microsoft.TestPlatform.Extensions.BlameDataCollector.dll'.
TpTrace Information: 0 : 37456, 1, 2023/06/26, 15:54:40.386, 2854447213083, vstest.console.dll, AssemblyResolver.OnResolve: Resolved assembly: Microsoft.TestPlatform.Extensions.BlameDataCollector, from path: C:\Program Files\dotnet\sdk\6.0.200\Extensions\Microsoft.TestPlatform.Extensions.BlameDataCollector.dll
TpTrace Information: 0 : 37456, 1, 2023/06/26, 15:54:40.387, 2854447218690, vstest.console.dll, AssemblyResolver.OnResolve: Microsoft.TestPlatform.Extensions.EventLogCollector: Resolving assembly.
TpTrace Information: 0 : 37456, 1, 2023/06/26, 15:54:40.387, 2854447219133, vstest.console.dll, AssemblyResolver.OnResolve: Microsoft.TestPlatform.Extensions.EventLogCollector: Searching in: 'C:\Program Files\dotnet\sdk\6.0.200\Extensions'.
TpTrace Information: 0 : 37456, 1, 2023/06/26, 15:54:40.387, 2854447221416, vstest.console.dll, AssemblyResolver.OnResolve: Microsoft.TestPlatform.Extensions.EventLogCollector: Loading assembly 'C:\Program Files\dotnet\sdk\6.0.200\Extensions\Microsoft.TestPlatform.Extensions.EventLogCollector.dll'.
TpTrace Information: 0 : 37456, 1, 2023/06/26, 15:54:40.387, 2854447225730, vstest.console.dll, AssemblyResolver.OnResolve: Resolved assembly: Microsoft.TestPlatform.Extensions.EventLogCollector, from path: C:\Program Files\dotnet\sdk\6.0.200\Extensions\Microsoft.TestPlatform.Extensions.EventLogCollector.dll
TpTrace Information: 0 : 37456, 1, 2023/06/26, 15:54:40.388, 2854447234992, vstest.console.dll, AssemblyResolver.OnResolve: Microsoft.TestPlatform.TestHostRuntimeProvider: Resolving assembly.
TpTrace Information: 0 : 37456, 1, 2023/06/26, 15:54:40.389, 2854447238515, vstest.console.dll, AssemblyResolver.OnResolve: Microsoft.TestPlatform.TestHostRuntimeProvider: Searching in: 'C:\Program Files\dotnet\sdk\6.0.200\Extensions'.
TpTrace Information: 0 : 37456, 1, 2023/06/26, 15:54:40.389, 2854447242557, vstest.console.dll, AssemblyResolver.OnResolve: Microsoft.TestPlatform.TestHostRuntimeProvider: Loading assembly 'C:\Program Files\dotnet\sdk\6.0.200\Extensions\Microsoft.TestPlatform.TestHostRuntimeProvider.dll'.
TpTrace Information: 0 : 37456, 1, 2023/06/26, 15:54:40.390, 2854447248218, vstest.console.dll, AssemblyResolver.OnResolve: Resolved assembly: Microsoft.TestPlatform.TestHostRuntimeProvider, from path: C:\Program Files\dotnet\sdk\6.0.200\Extensions\Microsoft.TestPlatform.TestHostRuntimeProvider.dll
TpTrace Information: 0 : 37456, 1, 2023/06/26, 15:54:40.391, 2854447262057, vstest.console.dll, AssemblyResolver.OnResolve: Microsoft.VisualStudio.TestPlatform.Extensions.Html.TestLogger: Resolving assembly.
TpTrace Information: 0 : 37456, 1, 2023/06/26, 15:54:40.391, 2854447262891, vstest.console.dll, AssemblyResolver.OnResolve: Microsoft.VisualStudio.TestPlatform.Extensions.Html.TestLogger: Searching in: 'C:\Program Files\dotnet\sdk\6.0.200\Extensions'.
TpTrace Information: 0 : 37456, 1, 2023/06/26, 15:54:40.392, 2854447267499, vstest.console.dll, AssemblyResolver.OnResolve: Microsoft.VisualStudio.TestPlatform.Extensions.Html.TestLogger: Loading assembly 'C:\Program Files\dotnet\sdk\6.0.200\Extensions\Microsoft.VisualStudio.TestPlatform.Extensions.Html.TestLogger.dll'.
TpTrace Information: 0 : 37456, 1, 2023/06/26, 15:54:40.392, 2854447276617, vstest.console.dll, AssemblyResolver.OnResolve: Resolved assembly: Microsoft.VisualStudio.TestPlatform.Extensions.Html.TestLogger, from path: C:\Program Files\dotnet\sdk\6.0.200\Extensions\Microsoft.VisualStudio.TestPlatform.Extensions.Html.TestLogger.dll
TpTrace Information: 0 : 37456, 1, 2023/06/26, 15:54:40.393, 2854447281018, vstest.console.dll, AssemblyResolver.OnResolve: Microsoft.VisualStudio.TestPlatform.Extensions.Trx.TestLogger: Resolving assembly.
TpTrace Information: 0 : 37456, 1, 2023/06/26, 15:54:40.393, 2854447281624, vstest.console.dll, AssemblyResolver.OnResolve: Microsoft.VisualStudio.TestPlatform.Extensions.Trx.TestLogger: Searching in: 'C:\Program Files\dotnet\sdk\6.0.200\Extensions'.
TpTrace Information: 0 : 37456, 1, 2023/06/26, 15:54:40.393, 2854447284967, vstest.console.dll, AssemblyResolver.OnResolve: Microsoft.VisualStudio.TestPlatform.Extensions.Trx.TestLogger: Loading assembly 'C:\Program Files\dotnet\sdk\6.0.200\Extensions\Microsoft.VisualStudio.TestPlatform.Extensions.Trx.TestLogger.dll'.
TpTrace Information: 0 : 37456, 1, 2023/06/26, 15:54:40.394, 2854447291860, vstest.console.dll, AssemblyResolver.OnResolve: Resolved assembly: Microsoft.VisualStudio.TestPlatform.Extensions.Trx.TestLogger, from path: C:\Program Files\dotnet\sdk\6.0.200\Extensions\Microsoft.VisualStudio.TestPlatform.Extensions.Trx.TestLogger.dll
TpTrace Verbose: 0 : 37456, 1, 2023/06/26, 15:54:40.395, 2854447300624, vstest.console.dll, TestPluginCache: Discovered the extensions using extension path ''.
TpTrace Verbose: 0 : 37456, 1, 2023/06/26, 15:54:40.395, 2854447302683, vstest.console.dll, TestPluginCache: Discoverers are ''.
TpTrace Verbose: 0 : 37456, 1, 2023/06/26, 15:54:40.395, 2854447303113, vstest.console.dll, TestPluginCache: Executors are ''.
TpTrace Verbose: 0 : 37456, 1, 2023/06/26, 15:54:40.395, 2854447303655, vstest.console.dll, TestPluginCache: Executors2 are ''.
TpTrace Verbose: 0 : 37456, 1, 2023/06/26, 15:54:40.395, 2854447303902, vstest.console.dll, TestPluginCache: Setting providers are ''.
TpTrace Verbose: 0 : 37456, 1, 2023/06/26, 15:54:40.395, 2854447304134, vstest.console.dll, TestPluginCache: Loggers are ''.
TpTrace Information: 0 : 37456, 1, 2023/06/26, 15:54:40.401, 2854447364193, vstest.console.dll, RunTestsArgumentProcessor:Execute: Test run is starting.
TpTrace Verbose: 0 : 37456, 1, 2023/06/26, 15:54:40.401, 2854447365148, vstest.console.dll, RunTestsArgumentProcessor:Execute: Queuing Test run.
TpTrace Information: 0 : 37456, 1, 2023/06/26, 15:54:40.401, 2854447366688, vstest.console.dll, TestRequestManager.RunTests: run tests started.
TpTrace Information: 0 : 37456, 1, 2023/06/26, 15:54:40.407, 2854447417350, vstest.console.dll, AssemblyMetadataProvider.GetFrameWork: Determined framework:'.NETCoreApp,Version=v6.0' for source: 'C:\Users\ijuliani\source\repos\AtivaBank\AtivaBank.Test\bin\Debug\net6.0\fine-code-coverage\build-output\AtivaBank.Test.dll'
TpTrace Information: 0 : 37456, 1, 2023/06/26, 15:54:40.407, 2854447419559, vstest.console.dll, Determined framework for all sources: .NETCoreApp,Version=v6.0
TpTrace Verbose: 0 : 37456, 1, 2023/06/26, 15:54:40.407, 2854447422708, vstest.console.dll, Default architecture: X64 IsDefaultTargetArchitecture: True
TpTrace Information: 0 : 37456, 1, 2023/06/26, 15:54:40.407, 2854447426493, vstest.console.dll, AssemblyMetadataProvider.GetArchitecture: Determined architecture:AnyCPU info for assembly: C:\Users\ijuliani\source\repos\AtivaBank\AtivaBank.Test\bin\Debug\net6.0\fine-code-coverage\build-output\AtivaBank.Test.dll
TpTrace Information: 0 : 37456, 1, 2023/06/26, 15:54:40.408, 2854447427015, vstest.console.dll, Determined platform for source 'C:\Users\ijuliani\source\repos\AtivaBank\AtivaBank.Test\bin\Debug\net6.0\fine-code-coverage\build-output\AtivaBank.Test.dll' is 'AnyCPU'
TpTrace Information: 0 : 37456, 1, 2023/06/26, 15:54:40.409, 2854447441705, vstest.console.dll, Determined platform for all sources: X64
TpTrace Information: 0 : 37456, 1, 2023/06/26, 15:54:40.409, 2854447442267, vstest.console.dll, Infered platform 'X64'.
TpTrace Information: 0 : 37456, 1, 2023/06/26, 15:54:40.409, 2854447442627, vstest.console.dll, Platform update to 'X64' required.
TpTrace Information: 0 : 37456, 1, 2023/06/26, 15:54:40.411, 2854447463305, vstest.console.dll, Compatible sources list : 
TpTrace Information: 0 : 37456, 1, 2023/06/26, 15:54:40.411, 2854447463877, vstest.console.dll, C:\Users\ijuliani\source\repos\AtivaBank\AtivaBank.Test\bin\Debug\net6.0\fine-code-coverage\build-output\AtivaBank.Test.dll
TpTrace Information: 0 : 37456, 1, 2023/06/26, 15:54:40.413, 2854447481647, vstest.console.dll, InferRunSettingsHelper.IsTestSettingsEnabled: Unable to navigate to RunSettings/MSTest. Current node: RunSettings
TpTrace Information: 0 : 37456, 1, 2023/06/26, 15:54:40.414, 2854447488558, vstest.console.dll, AssemblyResolver.OnResolve: Microsoft.VisualStudio.TestPlatform.Fakes: Resolving assembly.
TpTrace Information: 0 : 37456, 1, 2023/06/26, 15:54:40.414, 2854447489294, vstest.console.dll, AssemblyResolver.OnResolve: Microsoft.VisualStudio.TestPlatform.Fakes: Searching in: 'C:\Program Files\dotnet\sdk\6.0.200\Extensions'.
TpTrace Information: 0 : 37456, 1, 2023/06/26, 15:54:40.414, 2854447490226, vstest.console.dll, AssemblyResolver.OnResolve: Microsoft.VisualStudio.TestPlatform.Fakes: Assembly path does not exist: 'C:\Program Files\dotnet\sdk\6.0.200\Extensions\Microsoft.VisualStudio.TestPlatform.Fakes.dll', returning.
TpTrace Information: 0 : 37456, 1, 2023/06/26, 15:54:40.414, 2854447491017, vstest.console.dll, AssemblyResolver.OnResolve: Microsoft.VisualStudio.TestPlatform.Fakes: Assembly path does not exist: 'C:\Program Files\dotnet\sdk\6.0.200\Extensions\Microsoft.VisualStudio.TestPlatform.Fakes.exe', returning.
TpTrace Information: 0 : 37456, 1, 2023/06/26, 15:54:40.414, 2854447491470, vstest.console.dll, AssemblyResolver.OnResolve: Microsoft.VisualStudio.TestPlatform.Fakes: Searching in: 'C:\Program Files\dotnet\sdk\6.0.200'.
TpTrace Information: 0 : 37456, 1, 2023/06/26, 15:54:40.414, 2854447492127, vstest.console.dll, AssemblyResolver.OnResolve: Microsoft.VisualStudio.TestPlatform.Fakes: Assembly path does not exist: 'C:\Program Files\dotnet\sdk\6.0.200\Microsoft.VisualStudio.TestPlatform.Fakes.dll', returning.
TpTrace Information: 0 : 37456, 1, 2023/06/26, 15:54:40.414, 2854447493295, vstest.console.dll, AssemblyResolver.OnResolve: Microsoft.VisualStudio.TestPlatform.Fakes: Assembly path does not exist: 'C:\Program Files\dotnet\sdk\6.0.200\Microsoft.VisualStudio.TestPlatform.Fakes.exe', returning.
TpTrace Information: 0 : 37456, 1, 2023/06/26, 15:54:40.414, 2854447494585, vstest.console.dll, AssemblyResolver.OnResolve: Microsoft.VisualStudio.TestPlatform.Fakes: Failed to load assembly.
TpTrace Information: 0 : 37456, 1, 2023/06/26, 15:54:40.415, 2854447498962, vstest.console.dll, Failed to load assembly Microsoft.VisualStudio.TestPlatform.Fakes, Version=17.0.0.0, Culture=neutral. Reason:System.IO.FileNotFoundException: Could not load file or assembly 'Microsoft.VisualStudio.TestPlatform.Fakes, Version=17.0.0.0, Culture=neutral, PublicKeyToken=null'. The system cannot find the file specified.
File name: 'Microsoft.VisualStudio.TestPlatform.Fakes, Version=17.0.0.0, Culture=neutral, PublicKeyToken=null'
   at System.Reflection.RuntimeAssembly.InternalLoad(ObjectHandleOnStack assemblyName, ObjectHandleOnStack requestingAssembly, StackCrawlMarkHandle stackMark, Boolean throwOnFileNotFound, ObjectHandleOnStack assemblyLoadContext, ObjectHandleOnStack retAssembly)
   at System.Reflection.RuntimeAssembly.InternalLoad(AssemblyName assemblyName, RuntimeAssembly requestingAssembly, StackCrawlMark& stackMark, Boolean throwOnFileNotFound, AssemblyLoadContext assemblyLoadContext)
   at System.Reflection.Assembly.Load(AssemblyName assemblyRef)
   at Microsoft.VisualStudio.TestPlatform.Common.Utilities.FakesUtilities.LoadTestPlatformAssembly()
TpTrace Verbose: 0 : 37456, 1, 2023/06/26, 15:54:40.423, 2854447587006, vstest.console.dll, TestPluginCache.DiscoverTestExtensions: finding test extensions in assemblies ends with: TestLogger.dll TPluginInfo: Microsoft.VisualStudio.TestPlatform.Common.ExtensionFramework.Utilities.TestLoggerPluginInformation TExtension: Microsoft.VisualStudio.TestPlatform.ObjectModel.Client.ITestLogger
TpTrace Verbose: 0 : 37456, 1, 2023/06/26, 15:54:40.424, 2854447588462, vstest.console.dll, TestPluginCache.GetExtensionPaths: Filtered extension paths: 
TpTrace Verbose: 0 : 37456, 1, 2023/06/26, 15:54:40.424, 2854447588835, vstest.console.dll, TestPluginCache.GetExtensionPaths: Added default extension paths: C:\Program Files\dotnet\sdk\6.0.200\Extensions\DumpMinitool.exe
C:\Program Files\dotnet\sdk\6.0.200\Extensions\DumpMinitool.x86.exe
C:\Program Files\dotnet\sdk\6.0.200\Extensions\Microsoft.Diagnostics.NETCore.Client.dll
C:\Program Files\dotnet\sdk\6.0.200\Extensions\Microsoft.TestPlatform.Extensions.BlameDataCollector.dll
C:\Program Files\dotnet\sdk\6.0.200\Extensions\Microsoft.TestPlatform.Extensions.EventLogCollector.dll
C:\Program Files\dotnet\sdk\6.0.200\Extensions\Microsoft.TestPlatform.TestHostRuntimeProvider.dll
C:\Program Files\dotnet\sdk\6.0.200\Extensions\Microsoft.VisualStudio.TestPlatform.Extensions.Html.TestLogger.dll
C:\Program Files\dotnet\sdk\6.0.200\Extensions\Microsoft.VisualStudio.TestPlatform.Extensions.Trx.TestLogger.dll
TpTrace Verbose: 0 : 37456, 1, 2023/06/26, 15:54:40.424, 2854447589153, vstest.console.dll, TestPluginCache.GetExtensionPaths: Added unfilterableExtensionPaths: 
TpTrace Information: 0 : 37456, 1, 2023/06/26, 15:54:40.424, 2854447591377, vstest.console.dll, AssemblyResolver.AddSearchDirectories: Adding more searchDirectories C:\Program Files\dotnet\sdk\6.0.200\Extensions,C:\Program Files\dotnet\sdk\6.0.200
TpTrace Verbose: 0 : 37456, 1, 2023/06/26, 15:54:40.424, 2854447592391, vstest.console.dll, TestPluginCache.DiscoverTestExtensions: Discovering the extensions using extension path.
TpTrace Verbose: 0 : 37456, 1, 2023/06/26, 15:54:40.424, 2854447592873, vstest.console.dll, TestPluginCache.GetExtensionPaths: Filtered extension paths: 
TpTrace Verbose: 0 : 37456, 1, 2023/06/26, 15:54:40.424, 2854447593194, vstest.console.dll, TestPluginCache.GetExtensionPaths: Added default extension paths: C:\Program Files\dotnet\sdk\6.0.200\Extensions\DumpMinitool.exe
C:\Program Files\dotnet\sdk\6.0.200\Extensions\DumpMinitool.x86.exe
C:\Program Files\dotnet\sdk\6.0.200\Extensions\Microsoft.Diagnostics.NETCore.Client.dll
C:\Program Files\dotnet\sdk\6.0.200\Extensions\Microsoft.TestPlatform.Extensions.BlameDataCollector.dll
C:\Program Files\dotnet\sdk\6.0.200\Extensions\Microsoft.TestPlatform.Extensions.EventLogCollector.dll
C:\Program Files\dotnet\sdk\6.0.200\Extensions\Microsoft.TestPlatform.TestHostRuntimeProvider.dll
C:\Program Files\dotnet\sdk\6.0.200\Extensions\Microsoft.VisualStudio.TestPlatform.Extensions.Html.TestLogger.dll
C:\Program Files\dotnet\sdk\6.0.200\Extensions\Microsoft.VisualStudio.TestPlatform.Extensions.Trx.TestLogger.dll
TpTrace Verbose: 0 : 37456, 1, 2023/06/26, 15:54:40.424, 2854447593572, vstest.console.dll, TestPluginCache.GetExtensionPaths: Added unfilterableExtensionPaths: 
TpTrace Verbose: 0 : 37456, 1, 2023/06/26, 15:54:40.424, 2854447593913, vstest.console.dll, TestPluginCache.DiscoverTestExtensions: Discovering the extensions using allExtensionPaths: C:\Program Files\dotnet\sdk\6.0.200\Extensions\DumpMinitool.exe
C:\Program Files\dotnet\sdk\6.0.200\Extensions\DumpMinitool.x86.exe
C:\Program Files\dotnet\sdk\6.0.200\Extensions\Microsoft.Diagnostics.NETCore.Client.dll
C:\Program Files\dotnet\sdk\6.0.200\Extensions\Microsoft.TestPlatform.Extensions.BlameDataCollector.dll
C:\Program Files\dotnet\sdk\6.0.200\Extensions\Microsoft.TestPlatform.Extensions.EventLogCollector.dll
C:\Program Files\dotnet\sdk\6.0.200\Extensions\Microsoft.TestPlatform.TestHostRuntimeProvider.dll
C:\Program Files\dotnet\sdk\6.0.200\Extensions\Microsoft.VisualStudio.TestPlatform.Extensions.Html.TestLogger.dll
C:\Program Files\dotnet\sdk\6.0.200\Extensions\Microsoft.VisualStudio.TestPlatform.Extensions.Trx.TestLogger.dll
TpTrace Information: 0 : 37456, 1, 2023/06/26, 15:54:40.424, 2854447595825, vstest.console.dll, AssemblyResolver.AddSearchDirectories: Adding more searchDirectories C:\Program Files\dotnet\sdk\6.0.200\Extensions,C:\Program Files\dotnet\sdk\6.0.200
TpTrace Information: 0 : 37456, 1, 2023/06/26, 15:54:40.424, 2854447596323, vstest.console.dll, AssemblyResolver.AddSearchDirectories: Adding more searchDirectories C:\Program Files\dotnet\sdk\6.0.200\Extensions,C:\Program Files\dotnet\sdk\6.0.200
TpTrace Information: 0 : 37456, 1, 2023/06/26, 15:54:40.424, 2854447596663, vstest.console.dll, AssemblyResolver.AddSearchDirectories: Adding more searchDirectories C:\Program Files\dotnet\sdk\6.0.200\Extensions,C:\Program Files\dotnet\sdk\6.0.200
TpTrace Information: 0 : 37456, 1, 2023/06/26, 15:54:40.424, 2854447596912, vstest.console.dll, AssemblyResolver.AddSearchDirectories: Adding more searchDirectories C:\Program Files\dotnet\sdk\6.0.200\Extensions,C:\Program Files\dotnet\sdk\6.0.200
TpTrace Information: 0 : 37456, 1, 2023/06/26, 15:54:40.425, 2854447597145, vstest.console.dll, AssemblyResolver.AddSearchDirectories: Adding more searchDirectories C:\Program Files\dotnet\sdk\6.0.200\Extensions,C:\Program Files\dotnet\sdk\6.0.200
TpTrace Information: 0 : 37456, 1, 2023/06/26, 15:54:40.425, 2854447597376, vstest.console.dll, AssemblyResolver.AddSearchDirectories: Adding more searchDirectories C:\Program Files\dotnet\sdk\6.0.200\Extensions,C:\Program Files\dotnet\sdk\6.0.200
TpTrace Information: 0 : 37456, 1, 2023/06/26, 15:54:40.425, 2854447597638, vstest.console.dll, AssemblyResolver.AddSearchDirectories: Adding more searchDirectories C:\Program Files\dotnet\sdk\6.0.200\Extensions,C:\Program Files\dotnet\sdk\6.0.200
TpTrace Information: 0 : 37456, 1, 2023/06/26, 15:54:40.425, 2854447597880, vstest.console.dll, AssemblyResolver.AddSearchDirectories: Adding more searchDirectories C:\Program Files\dotnet\sdk\6.0.200\Extensions,C:\Program Files\dotnet\sdk\6.0.200
TpTrace Information: 0 : 37456, 1, 2023/06/26, 15:54:40.425, 2854447601192, vstest.console.dll, AssemblyResolver.OnResolve: Microsoft.Bcl.AsyncInterfaces: Resolving assembly.
TpTrace Information: 0 : 37456, 1, 2023/06/26, 15:54:40.425, 2854447601670, vstest.console.dll, AssemblyResolver.OnResolve: Microsoft.Bcl.AsyncInterfaces: Resolved from cache.
TpTrace Verbose: 0 : 37456, 1, 2023/06/26, 15:54:40.425, 2854447601951, vstest.console.dll, CurrentDomainAssemblyResolve: Resolving assembly 'Microsoft.Bcl.AsyncInterfaces'.
TpTrace Information: 0 : 37456, 1, 2023/06/26, 15:54:40.425, 2854447602380, vstest.console.dll, AssemblyResolver.OnResolve: Microsoft.Bcl.AsyncInterfaces: Resolving assembly.
TpTrace Information: 0 : 37456, 1, 2023/06/26, 15:54:40.425, 2854447602604, vstest.console.dll, AssemblyResolver.OnResolve: Microsoft.Bcl.AsyncInterfaces: Resolved from cache.
TpTrace Verbose: 0 : 37456, 1, 2023/06/26, 15:54:40.425, 2854447602840, vstest.console.dll, CurrentDomainAssemblyResolve: Resolving assembly 'Microsoft.Bcl.AsyncInterfaces'.
TpTrace Verbose: 0 : 37456, 1, 2023/06/26, 15:54:40.425, 2854447603093, vstest.console.dll, CurrentDomainAssemblyResolve: Failed to resolve assembly 'Microsoft.Bcl.AsyncInterfaces'.
TpTrace Verbose: 0 : 37456, 1, 2023/06/26, 15:54:40.425, 2854447604542, vstest.console.dll, CurrentDomainAssemblyResolve: Failed to resolve assembly 'Microsoft.Bcl.AsyncInterfaces'.
TpTrace Warning: 0 : 37456, 1, 2023/06/26, 15:54:40.426, 2854447608692, vstest.console.dll, TestPluginDiscoverer: Failed to get types from assembly 'Microsoft.Diagnostics.NETCore.Client, Version=0.2.5.801, Culture=neutral, PublicKeyToken=31bf3856ad364e35'.  Skipping test extension scan for this assembly.  Error: System.Reflection.ReflectionTypeLoadException: Unable to load one or more of the requested types.
Could not load file or assembly 'Microsoft.Bcl.AsyncInterfaces, Version=1.0.0.0, Culture=neutral, PublicKeyToken=cc7b13ffcd2ddd51'. The system cannot find the file specified.
   at System.Reflection.RuntimeModule.GetTypes(RuntimeModule module)
   at System.Reflection.Assembly.GetTypes()
   at Microsoft.VisualStudio.TestPlatform.Common.ExtensionFramework.TestPluginDiscoverer.GetTestExtensionsFromAssembly[TPluginInfo,TExtension](Assembly assembly, Dictionary`2 pluginInfos)
System.IO.FileNotFoundException: Could not load file or assembly 'Microsoft.Bcl.AsyncInterfaces, Version=1.0.0.0, Culture=neutral, PublicKeyToken=cc7b13ffcd2ddd51'. The system cannot find the file specified.
File name: 'Microsoft.Bcl.AsyncInterfaces, Version=1.0.0.0, Culture=neutral, PublicKeyToken=cc7b13ffcd2ddd51'
 ---> System.IO.FileNotFoundException: Could not load file or assembly 'Microsoft.Bcl.AsyncInterfaces, Culture=neutral, PublicKeyToken=null'. The system cannot find the file specified.
File name: 'Microsoft.Bcl.AsyncInterfaces, Culture=neutral, PublicKeyToken=null'
   at System.Reflection.RuntimeAssembly.InternalLoad(ObjectHandleOnStack assemblyName, ObjectHandleOnStack requestingAssembly, StackCrawlMarkHandle stackMark, Boolean throwOnFileNotFound, ObjectHandleOnStack assemblyLoadContext, ObjectHandleOnStack retAssembly)
   at System.Reflection.RuntimeAssembly.InternalLoad(AssemblyName assemblyName, RuntimeAssembly requestingAssembly, StackCrawlMark& stackMark, Boolean throwOnFileNotFound, AssemblyLoadContext assemblyLoadContext)
   at System.Reflection.Assembly.Load(AssemblyName assemblyRef)
   at Microsoft.VisualStudio.TestPlatform.Common.ExtensionFramework.TestPluginCache.CurrentDomainAssemblyResolve(Object sender, AssemblyResolveEventArgs args)
   at Microsoft.VisualStudio.TestPlatform.PlatformAbstractions.PlatformAssemblyResolver.AssemblyResolverEvent(Object sender, Object eventArgs)
   at System.Runtime.Loader.AssemblyLoadContext.GetFirstResolvedAssemblyFromResolvingEvent(AssemblyName assemblyName)
   at System.Runtime.Loader.AssemblyLoadContext.ResolveUsingEvent(AssemblyName assemblyName)
   at System.Runtime.Loader.AssemblyLoadContext.ResolveUsingResolvingEvent(IntPtr gchManagedAssemblyLoadContext, AssemblyName assemblyName)
TpTrace Warning: 0 : 37456, 1, 2023/06/26, 15:54:40.426, 2854447610247, vstest.console.dll, LoaderExceptions: System.IO.FileNotFoundException: Could not load file or assembly 'Microsoft.Bcl.AsyncInterfaces, Version=1.0.0.0, Culture=neutral, PublicKeyToken=cc7b13ffcd2ddd51'. The system cannot find the file specified.
File name: 'Microsoft.Bcl.AsyncInterfaces, Version=1.0.0.0, Culture=neutral, PublicKeyToken=cc7b13ffcd2ddd51'
 ---> System.IO.FileNotFoundException: Could not load file or assembly 'Microsoft.Bcl.AsyncInterfaces, Culture=neutral, PublicKeyToken=null'. The system cannot find the file specified.
File name: 'Microsoft.Bcl.AsyncInterfaces, Culture=neutral, PublicKeyToken=null'
   at System.Reflection.RuntimeAssembly.InternalLoad(ObjectHandleOnStack assemblyName, ObjectHandleOnStack requestingAssembly, StackCrawlMarkHandle stackMark, Boolean throwOnFileNotFound, ObjectHandleOnStack assemblyLoadContext, ObjectHandleOnStack retAssembly)
   at System.Reflection.RuntimeAssembly.InternalLoad(AssemblyName assemblyName, RuntimeAssembly requestingAssembly, StackCrawlMark& stackMark, Boolean throwOnFileNotFound, AssemblyLoadContext assemblyLoadContext)
   at System.Reflection.Assembly.Load(AssemblyName assemblyRef)
   at Microsoft.VisualStudio.TestPlatform.Common.ExtensionFramework.TestPluginCache.CurrentDomainAssemblyResolve(Object sender, AssemblyResolveEventArgs args)
   at Microsoft.VisualStudio.TestPlatform.PlatformAbstractions.PlatformAssemblyResolver.AssemblyResolverEvent(Object sender, Object eventArgs)
   at System.Runtime.Loader.AssemblyLoadContext.GetFirstResolvedAssemblyFromResolvingEvent(AssemblyName assemblyName)
   at System.Runtime.Loader.AssemblyLoadContext.ResolveUsingEvent(AssemblyName assemblyName)
   at System.Runtime.Loader.AssemblyLoadContext.ResolveUsingResolvingEvent(IntPtr gchManagedAssemblyLoadContext, AssemblyName assemblyName)
TpTrace Verbose: 0 : 37456, 1, 2023/06/26, 15:54:40.427, 2854447617329, vstest.console.dll, TestPluginCache: Discovered the extensions using extension path ''.
TpTrace Verbose: 0 : 37456, 1, 2023/06/26, 15:54:40.427, 2854447618198, vstest.console.dll, TestPluginCache: Discoverers are ''.
TpTrace Verbose: 0 : 37456, 1, 2023/06/26, 15:54:40.427, 2854447618646, vstest.console.dll, TestPluginCache: Executors are ''.
TpTrace Verbose: 0 : 37456, 1, 2023/06/26, 15:54:40.427, 2854447619004, vstest.console.dll, TestPluginCache: Executors2 are ''.
TpTrace Verbose: 0 : 37456, 1, 2023/06/26, 15:54:40.427, 2854447619327, vstest.console.dll, TestPluginCache: Setting providers are ''.
TpTrace Verbose: 0 : 37456, 1, 2023/06/26, 15:54:40.427, 2854447620193, vstest.console.dll, TestPluginCache: Loggers are 'logger://Microsoft/TestPlatform/Extensions/Blame/v1,logger://Microsoft/TestPlatform/HtmlLogger/v1,logger://Microsoft/TestPlatform/TrxLogger/v1'.
TpTrace Information: 0 : 37456, 1, 2023/06/26, 15:54:40.428, 2854447627873, vstest.console.dll, TestPluginManager.CreateTestExtension: Attempting to load test extension: Microsoft.TestPlatform.Extensions.BlameDataCollector.BlameLogger
TpTrace Information: 0 : 37456, 1, 2023/06/26, 15:54:40.435, 2854447697315, vstest.console.dll, TestPluginManager.CreateTestExtension: Attempting to load test extension: Microsoft.VisualStudio.TestPlatform.CrossPlatEngine.Hosting.DefaultTestHostManager
TpTrace Information: 0 : 37456, 1, 2023/06/26, 15:54:40.436, 2854447712913, vstest.console.dll, TestPluginManager.CreateTestExtension: Attempting to load test extension: Microsoft.VisualStudio.TestPlatform.CrossPlatEngine.Hosting.DotnetTestHostManager
TpTrace Verbose: 0 : 37456, 1, 2023/06/26, 15:54:40.437, 2854447719741, vstest.console.dll, TestEngine: Initializing Parallel Execution as MaxCpuCount is set to: 1
TpTrace Information: 0 : 37456, 1, 2023/06/26, 15:54:40.437, 2854447726085, vstest.console.dll, InferRunSettingsHelper.IsTestSettingsEnabled: Unable to navigate to RunSettings/MSTest. Current node: RunSettings
TpTrace Verbose: 0 : 37456, 1, 2023/06/26, 15:54:40.456, 2854447907482, vstest.console.dll, TestRequestSender is acting as server
TpTrace Verbose: 0 : 37456, 5, 2023/06/26, 15:54:40.461, 2854447965051, vstest.console.dll, DataCollectionRequestSender.InitializeCommunication : Initialize communication. 
TpTrace Information: 0 : 37456, 5, 2023/06/26, 15:54:40.471, 2854448063505, vstest.console.dll, Listening on Endpoint : 127.0.0.1:51140
TpTrace Verbose: 0 : 37456, 5, 2023/06/26, 15:54:40.484, 2854448188868, vstest.console.dll, DotnetDataCollectionLauncher: Full path of dotnet.exe is C:\Program Files\dotnet\dotnet.exe
TpTrace Verbose: 0 : 37456, 5, 2023/06/26, 15:54:40.484, 2854448190980, vstest.console.dll, DotnetDataCollectionLauncher: Adding  --runtimeconfig "C:\Program Files\dotnet\sdk\6.0.200\datacollector.runtimeconfig.json" in args
TpTrace Verbose: 0 : 37456, 5, 2023/06/26, 15:54:40.484, 2854448191857, vstest.console.dll, DotnetDataCollectionLauncher: Adding  --depsfile "C:\Program Files\dotnet\sdk\6.0.200\datacollector.deps.json" in args
TpTrace Information: 0 : 37456, 5, 2023/06/26, 15:54:40.501, 2854448359971, vstest.console.dll, ProxyDataCollectionManager.Initialize: Launched datacollector processId: 44340 port: 51140
TpTrace Information: 0 : 37456, 5, 2023/06/26, 15:54:40.501, 2854448361733, vstest.console.dll, ProxyDataCollectionManager.Initialize: waiting for connection with timeout: 90 seconds
TpTrace Verbose: 0 : 37456, 5, 2023/06/26, 15:54:40.501, 2854448362409, vstest.console.dll, DataCollectionRequestSender.WaitForRequestHandlerConnection : Waiting for connection with timeout: 90000
TpTrace Information: 0 : 37456, 8, 2023/06/26, 15:54:40.656, 2854449907640, vstest.console.dll, Using the buffer size of 16384 bytes
TpTrace Verbose: 0 : 37456, 5, 2023/06/26, 15:54:40.656, 2854449908360, vstest.console.dll, ProxyDataCollectionManager.InvokeDataCollectionServiceAction: Starting.
TpTrace Information: 0 : 37456, 8, 2023/06/26, 15:54:40.656, 2854449909005, vstest.console.dll, Accepted Client request and set the flag
TpTrace Information: 0 : 37456, 5, 2023/06/26, 15:54:40.656, 2854449909903, vstest.console.dll, ProxyDataCollectionManager.BeforeTestRunStart: Get environment variable and port for datacollector processId: 44340 port: 51140
TpTrace Verbose: 0 : 37456, 5, 2023/06/26, 15:54:40.656, 2854449911406, vstest.console.dll, DataCollectionRequestSender.SendBeforeTestRunStartAndGetResult : Send BeforeTestRunStart message with settingsXml <RunSettings><RunConfiguration><ResultsDirectory>C:\Users\ijuliani\source\repos\AtivaBank\AtivaBank.Test\bin\Debug\net6.0\fine-code-coverage\coverage-tool-output</ResultsDirectory><TargetPlatform>X64</TargetPlatform><TargetFrameworkVersion>.NETCoreApp,Version=v6.0</TargetFrameworkVersion><DesignMode>False</DesignMode><CollectSourceInformation>False</CollectSourceInformation><TestAdaptersPaths>C:\Program Files\dotnet\sdk\6.0.200\Extensions</TestAdaptersPaths></RunConfiguration><LoggerRunSettings><Loggers><Logger friendlyName="blame" enabled="True" /><Logger friendlyName="Console" uri="logger://microsoft/TestPlatform/ConsoleLogger/v1" assemblyQualifiedName="Microsoft.VisualStudio.TestPlatform.CommandLine.Internal.ConsoleLogger, vstest.console, Version=15.0.0.0, Culture=neutral, PublicKeyToken=b03f5f7f11d50a3a" codeBase="C:\Program Files\dotnet\sdk\6.0.200\vstest.console.dll" enabled="True" /></Loggers></LoggerRunSettings><DataCollectionRunSettings><DataCollectors><DataCollector friendlyName="blame" enabled="True"><Configuration><ResultsDirectory>C:\Users\ijuliani\source\repos\AtivaBank\AtivaBank.Test\bin\Debug\net6.0\fine-code-coverage\coverage-tool-output</ResultsDirectory></Configuration></DataCollector></DataCollectors></DataCollectionRunSettings></RunSettings> and sources System.Linq.Enumerable+Concat2Iterator`1[System.String]: 
TpTrace Verbose: 0 : 37456, 5, 2023/06/26, 15:54:40.765, 2854451000651, vstest.console.dll, DataCollectionRequestSender.SendBeforeTestRunStartAndGetResult : Received message: (DataCollection.SendMessage) -> {
  "FriendlyName": null,
  "Uri": null,
  "TestCaseId": "00000000-0000-0000-0000-000000000000",
  "Message": "Logging DataCollector Diagnostics in file: C:\\Users\\ijuliani\\source\\repos\\AtivaBank\\AtivaBank.Test\\bin\\Debug\\net6.0\\fine-code-coverage\\coverage-tool-output\\diagnostics.datacollector.23-06-26_15-54-40_47967_5.log",
  "Level": 0
}
TpTrace Verbose: 0 : 37456, 5, 2023/06/26, 15:54:40.844, 2854451791151, vstest.console.dll, DataCollectionRequestSender.SendBeforeTestRunStartAndGetResult : Received message: (DataCollection.BeforeTestRunStartResult) -> {
  "EnvironmentVariables": {},
  "DataCollectionEventsPort": 51146
}
TpTrace Information: 0 : 37456, 5, 2023/06/26, 15:54:40.849, 2854451837185, vstest.console.dll, ProxyDataCollectionManager.BeforeTestRunStart: SendBeforeTestRunStartAndGetResult successful, env variable from datacollector:   and testhost port: 51146
TpTrace Information: 0 : 37456, 5, 2023/06/26, 15:54:40.849, 2854451837876, vstest.console.dll, ProxyDataCollectionManager.InvokeDataCollectionServiceAction: Completed.
TpTrace Verbose: 0 : 37456, 1, 2023/06/26, 15:54:40.849, 2854451839381, vstest.console.dll, TestRunRequest.ExecuteAsync: Creating test run request.
TpTrace Verbose: 0 : 37456, 1, 2023/06/26, 15:54:40.849, 2854451842472, vstest.console.dll, TestRunRequest.ExecuteAsync: Starting.
TpTrace Information: 0 : 37456, 1, 2023/06/26, 15:54:40.849, 2854451845238, vstest.console.dll, TestRunRequest.ExecuteAsync: Starting run with settings:TestRunCriteria:
   KeepAlive=False,FrequencyOfRunStatsChangeEvent=10,RunStatsChangeEventTimeout=00:00:01.5000000,TestCaseFilter=,TestExecutorLauncher=
   Settingsxml=<RunSettings>
  <RunConfiguration>
    <ResultsDirectory>C:\Users\ijuliani\source\repos\AtivaBank\AtivaBank.Test\bin\Debug\net6.0\fine-code-coverage\coverage-tool-output</ResultsDirectory>
    <TargetPlatform>X64</TargetPlatform>
    <TargetFrameworkVersion>.NETCoreApp,Version=v6.0</TargetFrameworkVersion>
    <DesignMode>False</DesignMode>
    <CollectSourceInformation>False</CollectSourceInformation>
  </RunConfiguration>
  <LoggerRunSettings>
    <Loggers>
      <Logger friendlyName="blame" enabled="True" />
      <Logger friendlyName="Console" uri="logger://microsoft/TestPlatform/ConsoleLogger/v1" assemblyQualifiedName="Microsoft.VisualStudio.TestPlatform.CommandLine.Internal.ConsoleLogger, vstest.console, Version=15.0.0.0, Culture=neutral, PublicKeyToken=b03f5f7f11d50a3a" codeBase="C:\Program Files\dotnet\sdk\6.0.200\vstest.console.dll" enabled="True" />
    </Loggers>
  </LoggerRunSettings>
  <DataCollectionRunSettings>
    <DataCollectors>
      <DataCollector friendlyName="blame" enabled="True">
        <Configuration>
          <ResultsDirectory>C:\Users\ijuliani\source\repos\AtivaBank\AtivaBank.Test\bin\Debug\net6.0\fine-code-coverage\coverage-tool-output</ResultsDirectory>
        </Configuration>
      </DataCollector>
    </DataCollectors>
  </DataCollectionRunSettings>
</RunSettings>

TpTrace Verbose: 0 : 37456, 1, 2023/06/26, 15:54:40.849, 2854451845734, vstest.console.dll, TestRunRequest.ExecuteAsync: Wait for the first run request is over.
TpTrace Verbose: 0 : 37456, 1, 2023/06/26, 15:54:40.850, 2854451848934, vstest.console.dll, ParallelProxyExecutionManager: Start execution. Total sources: 1
TpTrace Information: 0 : 37456, 1, 2023/06/26, 15:54:40.850, 2854451855059, vstest.console.dll, ProxyParallelExecutionManager: Triggering test run for next source: C:\Users\ijuliani\source\repos\AtivaBank\AtivaBank.Test\bin\Debug\net6.0\fine-code-coverage\build-output\AtivaBank.Test.dll
TpTrace Verbose: 0 : 37456, 5, 2023/06/26, 15:54:40.851, 2854451857089, vstest.console.dll, ParallelProxyExecutionManager: Execution started. Started clients: 1
TpTrace Verbose: 0 : 37456, 1, 2023/06/26, 15:54:40.851, 2854451857999, vstest.console.dll, ProxyParallelExecutionManager: No sources available for execution.
TpTrace Information: 0 : 37456, 1, 2023/06/26, 15:54:40.851, 2854451858759, vstest.console.dll, TestRunRequest.ExecuteAsync: Started.
TpTrace Verbose: 0 : 37456, 1, 2023/06/26, 15:54:40.851, 2854451859881, vstest.console.dll, TestRunRequest.WaitForCompletion: Waiting with timeout -1.
TpTrace Verbose: 0 : 37456, 5, 2023/06/26, 15:54:40.851, 2854451860647, vstest.console.dll, TestRunRequest:SendTestRunMessage: Starting.
TpTrace Information: 0 : 37456, 5, 2023/06/26, 15:54:40.851, 2854451861827, vstest.console.dll, TestRunRequest:SendTestRunMessage: Completed.
TpTrace Verbose: 0 : 37456, 5, 2023/06/26, 15:54:40.851, 2854451864199, vstest.console.dll, ProxyExecutionManager: Test host is always Lazy initialize.
TpTrace Verbose: 0 : 37456, 5, 2023/06/26, 15:54:40.851, 2854451866301, vstest.console.dll, TestRequestSender.InitializeCommunication: initialize communication. 
TpTrace Information: 0 : 37456, 5, 2023/06/26, 15:54:40.857, 2854451920980, vstest.console.dll, SocketServer.Start: Listening on endpoint : 127.0.0.1:51147
TpTrace Verbose: 0 : 37456, 5, 2023/06/26, 15:54:40.858, 2854451934091, vstest.console.dll, DotnetTestHostmanager.GetTestHostProcessStartInfo: Platform environment 'X64' target architecture 'X64' framework '.NETCoreApp,Version=v6.0' OS 'Windows'
TpTrace Verbose: 0 : 37456, 5, 2023/06/26, 15:54:40.859, 2854451937444, vstest.console.dll, DotnetTestHostmanager: Adding  --runtimeconfig "C:\Users\ijuliani\source\repos\AtivaBank\AtivaBank.Test\bin\Debug\net6.0\fine-code-coverage\build-output\AtivaBank.Test.runtimeconfig.json" in args
TpTrace Verbose: 0 : 37456, 5, 2023/06/26, 15:54:40.859, 2854451938942, vstest.console.dll, DotnetTestHostmanager: Adding  --depsfile "C:\Users\ijuliani\source\repos\AtivaBank\AtivaBank.Test\bin\Debug\net6.0\fine-code-coverage\build-output\AtivaBank.Test.deps.json" in args
TpTrace Verbose: 0 : 37456, 5, 2023/06/26, 15:54:40.862, 2854451969147, vstest.console.dll, DotnetTestHostmanager.IsWinOnArm: Current PROCESSOR_ARCHITECTURE from registry 'AMD64'
TpTrace Verbose: 0 : 37456, 5, 2023/06/26, 15:54:40.862, 2854451970525, vstest.console.dll, DotnetTestHostmanager.IsWinOnArm: Is Windows on ARM 'False'
TpTrace Verbose: 0 : 37456, 5, 2023/06/26, 15:54:40.862, 2854451971771, vstest.console.dll, DotnetTestHostManager: testhost.exe found at path: C:\Users\ijuliani\source\repos\AtivaBank\AtivaBank.Test\bin\Debug\net6.0\fine-code-coverage\build-output\testhost.exe
TpTrace Verbose: 0 : 37456, 5, 2023/06/26, 15:54:40.862, 2854451972217, vstest.console.dll, DotnetTestHostmanager: Full path of host exe is C:\Users\ijuliani\source\repos\AtivaBank\AtivaBank.Test\bin\Debug\net6.0\fine-code-coverage\build-output\testhost.exe
TpTrace Verbose: 0 : 37456, 5, 2023/06/26, 15:54:40.862, 2854451973711, vstest.console.dll, DotnetTestHostmanager.LaunchTestHostAsync: Found 'VSTEST_WINAPPHOST_DOTNET_ROOT' in env variables, value 'C:\Program Files\dotnet'
TpTrace Verbose: 0 : 37456, 7, 2023/06/26, 15:54:40.864, 2854451987345, vstest.console.dll, DotnetTestHostManager: Starting process 'C:\Users\ijuliani\source\repos\AtivaBank\AtivaBank.Test\bin\Debug\net6.0\fine-code-coverage\build-output\testhost.exe' with command line ' --runtimeconfig "C:\Users\ijuliani\source\repos\AtivaBank\AtivaBank.Test\bin\Debug\net6.0\fine-code-coverage\build-output\AtivaBank.Test.runtimeconfig.json" --depsfile "C:\Users\ijuliani\source\repos\AtivaBank\AtivaBank.Test\bin\Debug\net6.0\fine-code-coverage\build-output\AtivaBank.Test.deps.json" --port 51147 --endpoint 127.0.0.1:051147 --role client --parentprocessid 37456 --diag "C:\Users\ijuliani\source\repos\AtivaBank\AtivaBank.Test\bin\Debug\net6.0\fine-code-coverage\coverage-tool-output\diagnostics.host.23-06-26_15-54-40_85819_5.log" --tracelevel 4 --datacollectionport 51146 --telemetryoptedin false'
TpTrace Verbose: 0 : 37456, 7, 2023/06/26, 15:54:40.887, 2854452226694, vstest.console.dll, Test Runtime launched
TpTrace Verbose: 0 : 37456, 5, 2023/06/26, 15:54:40.888, 2854452232424, vstest.console.dll, TestRequestSender.WaitForRequestHandlerConnection: waiting for connection with timeout: 90000
TpTrace Verbose: 0 : 37456, 7, 2023/06/26, 15:54:41.083, 2854454178120, vstest.console.dll, SocketServer.OnClientConnected: Client connected for endPoint: 127.0.0.1:51147, starting MessageLoopAsync:
TpTrace Verbose: 0 : 37456, 7, 2023/06/26, 15:54:41.083, 2854454181382, vstest.console.dll, TcpClientExtensions.MessageLoopAsync: Polling on remoteEndPoint: 127.0.0.1:51148 localEndPoint: 127.0.0.1:51147
TpTrace Verbose: 0 : 37456, 5, 2023/06/26, 15:54:41.084, 2854454188181, vstest.console.dll, TestRequestSender.CheckVersionWithTestHost: Sending check version message: {"MessageType":"ProtocolVersion","Payload":5}
TpTrace Verbose: 0 : 37456, 7, 2023/06/26, 15:54:41.230, 2854455650274, vstest.console.dll, TcpClientExtensions.MessageLoopAsync: NotifyDataAvailable remoteEndPoint: 127.0.0.1:51148 localEndPoint: 127.0.0.1:51147
TpTrace Verbose: 0 : 37456, 7, 2023/06/26, 15:54:41.230, 2854455654633, vstest.console.dll, TestRequestSender.CheckVersionWithTestHost: onMessageReceived received message: (ProtocolVersion) -> 5
TpTrace Verbose: 0 : 37456, 7, 2023/06/26, 15:54:41.231, 2854455660393, vstest.console.dll, TcpClientExtensions.MessageLoopAsync: Polling on remoteEndPoint: 127.0.0.1:51148 localEndPoint: 127.0.0.1:51147
TpTrace Verbose: 0 : 37456, 5, 2023/06/26, 15:54:41.231, 2854455661661, vstest.console.dll, TestPluginCache.GetExtensionPaths: Filtered extension paths: 
TpTrace Verbose: 0 : 37456, 5, 2023/06/26, 15:54:41.231, 2854455662871, vstest.console.dll, TestPluginCache.GetExtensionPaths: Added default extension paths: C:\Program Files\dotnet\sdk\6.0.200\Extensions\DumpMinitool.exe
C:\Program Files\dotnet\sdk\6.0.200\Extensions\DumpMinitool.x86.exe
C:\Program Files\dotnet\sdk\6.0.200\Extensions\Microsoft.Diagnostics.NETCore.Client.dll
C:\Program Files\dotnet\sdk\6.0.200\Extensions\Microsoft.TestPlatform.Extensions.BlameDataCollector.dll
C:\Program Files\dotnet\sdk\6.0.200\Extensions\Microsoft.TestPlatform.Extensions.EventLogCollector.dll
C:\Program Files\dotnet\sdk\6.0.200\Extensions\Microsoft.TestPlatform.TestHostRuntimeProvider.dll
C:\Program Files\dotnet\sdk\6.0.200\Extensions\Microsoft.VisualStudio.TestPlatform.Extensions.Html.TestLogger.dll
C:\Program Files\dotnet\sdk\6.0.200\Extensions\Microsoft.VisualStudio.TestPlatform.Extensions.Trx.TestLogger.dll
TpTrace Verbose: 0 : 37456, 5, 2023/06/26, 15:54:41.231, 2854455664103, vstest.console.dll, TestPluginCache.GetExtensionPaths: Added unfilterableExtensionPaths: 
TpTrace Verbose: 0 : 37456, 5, 2023/06/26, 15:54:41.238, 2854455727097, vstest.console.dll, TestRequestSender.InitializeExecution: Sending initialize execution with message: {"Version":5,"MessageType":"TestExecution.Initialize","Payload":["C:\\Users\\ijuliani\\source\\repos\\AtivaBank\\AtivaBank.Test\\bin\\Debug\\net6.0\\fine-code-coverage\\build-output\\xunit.runner.visualstudio.dotnetcore.testadapter.dll"]}
TpTrace Warning: 0 : 37456, 5, 2023/06/26, 15:54:41.238, 2854455733312, vstest.console.dll, InferRunSettingsHelper.MakeRunsettingsCompatible: Removing the following settings: TargetPlatform from RunSettings file. To use those settings please move to latest version of Microsoft.NET.Test.Sdk
TpTrace Verbose: 0 : 37456, 7, 2023/06/26, 15:54:41.244, 2854455794858, vstest.console.dll, TcpClientExtensions.MessageLoopAsync: NotifyDataAvailable remoteEndPoint: 127.0.0.1:51148 localEndPoint: 127.0.0.1:51147
TpTrace Verbose: 0 : 37456, 7, 2023/06/26, 15:54:41.245, 2854455797108, vstest.console.dll, TestRequestSender.OnExecutionMessageReceived: Received message: {"Version":5,"MessageType":"TestSession.Message","Payload":{"MessageLevel":0,"Message":"Logging TestHost Diagnostics in file: C:\\Users\\ijuliani\\source\\repos\\AtivaBank\\AtivaBank.Test\\bin\\Debug\\net6.0\\fine-code-coverage\\coverage-tool-output\\diagnostics.host.23-06-26_15-54-40_85819_5.log"}}
TpTrace Verbose: 0 : 37456, 7, 2023/06/26, 15:54:41.247, 2854455822254, vstest.console.dll, TestRunRequest:SendTestRunMessage: Starting.
TpTrace Information: 0 : 37456, 7, 2023/06/26, 15:54:41.247, 2854455823546, vstest.console.dll, TestRunRequest:SendTestRunMessage: Completed.
TpTrace Verbose: 0 : 37456, 7, 2023/06/26, 15:54:41.247, 2854455823959, vstest.console.dll, TcpClientExtensions.MessageLoopAsync: Polling on remoteEndPoint: 127.0.0.1:51148 localEndPoint: 127.0.0.1:51147
TpTrace Verbose: 0 : 37456, 5, 2023/06/26, 15:54:41.252, 2854455875590, vstest.console.dll, TestRequestSender.StartTestRun: Sending test run with message: {"Version":5,"MessageType":"TestExecution.StartWithSources","Payload":{"AdapterSourceMap":{"_none_":["C:\\Users\\ijuliani\\source\\repos\\AtivaBank\\AtivaBank.Test\\bin\\Debug\\net6.0\\fine-code-coverage\\build-output\\AtivaBank.Test.dll"]},"RunSettings":"<RunSettings>\r\n  <RunConfiguration>\r\n    <ResultsDirectory>C:\\Users\\ijuliani\\source\\repos\\AtivaBank\\AtivaBank.Test\\bin\\Debug\\net6.0\\fine-code-coverage\\coverage-tool-output</ResultsDirectory>\r\n    <TargetFrameworkVersion>.NETCoreApp,Version=v6.0</TargetFrameworkVersion>\r\n    <DesignMode>False</DesignMode>\r\n    <CollectSourceInformation>False</CollectSourceInformation>\r\n  </RunConfiguration>\r\n  <LoggerRunSettings>\r\n    <Loggers>\r\n      <Logger friendlyName=\"blame\" enabled=\"True\" />\r\n      <Logger friendlyName=\"Console\" uri=\"logger://microsoft/TestPlatform/ConsoleLogger/v1\" assemblyQualifiedName=\"Microsoft.VisualStudio.TestPlatform.CommandLine.Internal.ConsoleLogger, vstest.console, Version=15.0.0.0, Culture=neutral, PublicKeyToken=b03f5f7f11d50a3a\" codeBase=\"C:\\Program Files\\dotnet\\sdk\\6.0.200\\vstest.console.dll\" enabled=\"True\" />\r\n    </Loggers>\r\n  </LoggerRunSettings>\r\n  <DataCollectionRunSettings>\r\n    <DataCollectors>\r\n      <DataCollector friendlyName=\"blame\" enabled=\"True\">\r\n        <Configuration>\r\n          <ResultsDirectory>C:\\Users\\ijuliani\\source\\repos\\AtivaBank\\AtivaBank.Test\\bin\\Debug\\net6.0\\fine-code-coverage\\coverage-tool-output</ResultsDirectory>\r\n        </Configuration>\r\n      </DataCollector>\r\n    </DataCollectors>\r\n  </DataCollectionRunSettings>\r\n</RunSettings>","TestExecutionContext":{"FrequencyOfRunStatsChangeEvent":10,"RunStatsChangeEventTimeout":"00:00:01.5000000","InIsolation":false,"KeepAlive":false,"AreTestCaseLevelEventsRequired":false,"IsDebug":false,"TestCaseFilter":null,"FilterOptions":null},"Package":null}}
TpTrace Verbose: 0 : 37456, 7, 2023/06/26, 15:54:41.439, 2854457738152, vstest.console.dll, TcpClientExtensions.MessageLoopAsync: NotifyDataAvailable remoteEndPoint: 127.0.0.1:51148 localEndPoint: 127.0.0.1:51147
TpTrace Verbose: 0 : 37456, 7, 2023/06/26, 15:54:41.439, 2854457739963, vstest.console.dll, TestRequestSender.OnExecutionMessageReceived: Received message: {"Version":5,"MessageType":"TestSession.Message","Payload":{"MessageLevel":0,"Message":"[xUnit.net 00:00:00.00] xUnit.net VSTest Adapter v2.4.3+1b45f5407b (64-bit .NET 6.0.2)"}}
TpTrace Verbose: 0 : 37456, 7, 2023/06/26, 15:54:41.439, 2854457742394, vstest.console.dll, TestRunRequest:SendTestRunMessage: Starting.
TpTrace Information: 0 : 37456, 7, 2023/06/26, 15:54:41.439, 2854457742964, vstest.console.dll, TestRunRequest:SendTestRunMessage: Completed.
TpTrace Verbose: 0 : 37456, 7, 2023/06/26, 15:54:41.439, 2854457743311, vstest.console.dll, TcpClientExtensions.MessageLoopAsync: Polling on remoteEndPoint: 127.0.0.1:51148 localEndPoint: 127.0.0.1:51147
TpTrace Verbose: 0 : 37456, 7, 2023/06/26, 15:54:42.452, 2854467870890, vstest.console.dll, TcpClientExtensions.MessageLoopAsync: Polling on remoteEndPoint: 127.0.0.1:51148 localEndPoint: 127.0.0.1:51147
TpTrace Verbose: 0 : 37456, 7, 2023/06/26, 15:54:43.461, 2854477963087, vstest.console.dll, TcpClientExtensions.MessageLoopAsync: Polling on remoteEndPoint: 127.0.0.1:51148 localEndPoint: 127.0.0.1:51147
TpTrace Verbose: 0 : 37456, 7, 2023/06/26, 15:54:43.962, 2854482966853, vstest.console.dll, TcpClientExtensions.MessageLoopAsync: NotifyDataAvailable remoteEndPoint: 127.0.0.1:51148 localEndPoint: 127.0.0.1:51147
TpTrace Verbose: 0 : 37456, 7, 2023/06/26, 15:54:43.962, 2854482970193, vstest.console.dll, TestRequestSender.OnExecutionMessageReceived: Received message: {"Version":5,"MessageType":"TestSession.Message","Payload":{"MessageLevel":0,"Message":"[xUnit.net 00:00:02.53]   Discovering: AtivaBank.Test"}}
TpTrace Verbose: 0 : 37456, 7, 2023/06/26, 15:54:43.962, 2854482972005, vstest.console.dll, TestRunRequest:SendTestRunMessage: Starting.
TpTrace Information: 0 : 37456, 7, 2023/06/26, 15:54:43.962, 2854482972578, vstest.console.dll, TestRunRequest:SendTestRunMessage: Completed.
TpTrace Verbose: 0 : 37456, 7, 2023/06/26, 15:54:43.962, 2854482973020, vstest.console.dll, TcpClientExtensions.MessageLoopAsync: Polling on remoteEndPoint: 127.0.0.1:51148 localEndPoint: 127.0.0.1:51147
TpTrace Verbose: 0 : 37456, 7, 2023/06/26, 15:54:43.998, 2854483328997, vstest.console.dll, TcpClientExtensions.MessageLoopAsync: NotifyDataAvailable remoteEndPoint: 127.0.0.1:51148 localEndPoint: 127.0.0.1:51147
TpTrace Verbose: 0 : 37456, 7, 2023/06/26, 15:54:43.998, 2854483331109, vstest.console.dll, TestRequestSender.OnExecutionMessageReceived: Received message: {"Version":5,"MessageType":"TestSession.Message","Payload":{"MessageLevel":0,"Message":"[xUnit.net 00:00:02.56]   Discovered:  AtivaBank.Test"}}
TpTrace Verbose: 0 : 37456, 7, 2023/06/26, 15:54:43.998, 2854483332530, vstest.console.dll, TestRunRequest:SendTestRunMessage: Starting.
TpTrace Information: 0 : 37456, 7, 2023/06/26, 15:54:43.998, 2854483332995, vstest.console.dll, TestRunRequest:SendTestRunMessage: Completed.
TpTrace Verbose: 0 : 37456, 7, 2023/06/26, 15:54:43.998, 2854483333443, vstest.console.dll, TcpClientExtensions.MessageLoopAsync: Polling on remoteEndPoint: 127.0.0.1:51148 localEndPoint: 127.0.0.1:51147
TpTrace Verbose: 0 : 37456, 7, 2023/06/26, 15:54:44.000, 2854483350120, vstest.console.dll, TcpClientExtensions.MessageLoopAsync: NotifyDataAvailable remoteEndPoint: 127.0.0.1:51148 localEndPoint: 127.0.0.1:51147
TpTrace Verbose: 0 : 37456, 7, 2023/06/26, 15:54:44.000, 2854483350746, vstest.console.dll, TestRequestSender.OnExecutionMessageReceived: Received message: {"Version":5,"MessageType":"TestSession.Message","Payload":{"MessageLevel":0,"Message":"[xUnit.net 00:00:02.56]   Starting:    AtivaBank.Test"}}
TpTrace Verbose: 0 : 37456, 7, 2023/06/26, 15:54:44.000, 2854483351744, vstest.console.dll, TestRunRequest:SendTestRunMessage: Starting.
TpTrace Information: 0 : 37456, 7, 2023/06/26, 15:54:44.000, 2854483352133, vstest.console.dll, TestRunRequest:SendTestRunMessage: Completed.
TpTrace Verbose: 0 : 37456, 7, 2023/06/26, 15:54:44.000, 2854483352534, vstest.console.dll, TcpClientExtensions.MessageLoopAsync: Polling on remoteEndPoint: 127.0.0.1:51148 localEndPoint: 127.0.0.1:51147
TpTrace Verbose: 0 : 37456, 7, 2023/06/26, 15:54:44.066, 2854484014954, vstest.console.dll, TcpClientExtensions.MessageLoopAsync: NotifyDataAvailable remoteEndPoint: 127.0.0.1:51148 localEndPoint: 127.0.0.1:51147
TpTrace Verbose: 0 : 37456, 7, 2023/06/26, 15:54:44.067, 2854484017536, vstest.console.dll, TestRequestSender.OnExecutionMessageReceived: Received message: {"Version":5,"MessageType":"TestExecution.StatsChange","Payload":{"NewTestResults":[],"TestRunStatistics":{"ExecutedTests":0,"Stats":{}},"ActiveTests":[{"Id":"3f324a6b-e83b-664e-b79b-7847c0f2a498","FullyQualifiedName":"AtivaBank.Test.MovementControllerTest.TransferValue_Success","DisplayName":"AtivaBank.Test.MovementControllerTest.TransferValue_Success","ExecutorUri":"executor://xunit/VsTestRunner2/netcoreapp","Source":"C:\\Users\\ijuliani\\source\\repos\\AtivaBank\\AtivaBank.Test\\bin\\Debug\\net6.0\\fine-code-coverage\\build-output\\AtivaBank.Test.dll","CodeFilePath":null,"LineNumber":0,"Properties":[]}]}}
TpTrace Verbose: 0 : 37456, 7, 2023/06/26, 15:54:44.079, 2854484139101, vstest.console.dll, TestRunRequest:SendTestRunStatsChange: Starting.
TpTrace Verbose: 0 : 37456, 7, 2023/06/26, 15:54:44.079, 2854484140383, vstest.console.dll, InProgress is AtivaBank.Test.MovementControllerTest.TransferValue_Success
TpTrace Information: 0 : 37456, 7, 2023/06/26, 15:54:44.079, 2854484141133, vstest.console.dll, TestRunRequest:SendTestRunStatsChange: Completed.
TpTrace Verbose: 0 : 37456, 7, 2023/06/26, 15:54:44.079, 2854484141446, vstest.console.dll, TcpClientExtensions.MessageLoopAsync: Polling on remoteEndPoint: 127.0.0.1:51148 localEndPoint: 127.0.0.1:51147
TpTrace Verbose: 0 : 37456, 7, 2023/06/26, 15:54:44.225, 2854485604900, vstest.console.dll, TcpClientExtensions.MessageLoopAsync: NotifyDataAvailable remoteEndPoint: 127.0.0.1:51148 localEndPoint: 127.0.0.1:51147
TpTrace Verbose: 0 : 37456, 7, 2023/06/26, 15:54:44.226, 2854485606469, vstest.console.dll, TestRequestSender.OnExecutionMessageReceived: Received message: {"Version":5,"MessageType":"TestSession.Message","Payload":{"MessageLevel":0,"Message":"[xUnit.net 00:00:02.79]   Finished:    AtivaBank.Test"}}
TpTrace Verbose: 0 : 37456, 7, 2023/06/26, 15:54:44.226, 2854485607976, vstest.console.dll, TestRunRequest:SendTestRunMessage: Starting.
TpTrace Information: 0 : 37456, 7, 2023/06/26, 15:54:44.226, 2854485608471, vstest.console.dll, TestRunRequest:SendTestRunMessage: Completed.
TpTrace Verbose: 0 : 37456, 7, 2023/06/26, 15:54:44.226, 2854485608756, vstest.console.dll, TcpClientExtensions.MessageLoopAsync: Polling on remoteEndPoint: 127.0.0.1:51148 localEndPoint: 127.0.0.1:51147
TpTrace Verbose: 0 : 37456, 7, 2023/06/26, 15:54:44.249, 2854485841446, vstest.console.dll, TcpClientExtensions.MessageLoopAsync: NotifyDataAvailable remoteEndPoint: 127.0.0.1:51148 localEndPoint: 127.0.0.1:51147
TpTrace Verbose: 0 : 37456, 7, 2023/06/26, 15:54:44.249, 2854485843611, vstest.console.dll, TestRequestSender.OnExecutionMessageReceived: Received message: {"Version":5,"MessageType":"TestExecution.Completed","Payload":{"TestRunCompleteArgs":{"TestRunStatistics":{"ExecutedTests":5,"Stats":{"Passed":5}},"IsCanceled":false,"IsAborted":false,"Error":null,"AttachmentSets":[],"ElapsedTimeInRunningTests":"00:00:02.8059817","Metrics":{}},"LastRunTests":{"NewTestResults":[{"TestCase":{"Id":"3f324a6b-e83b-664e-b79b-7847c0f2a498","FullyQualifiedName":"AtivaBank.Test.MovementControllerTest.TransferValue_Success","DisplayName":"AtivaBank.Test.MovementControllerTest.TransferValue_Success","ExecutorUri":"executor://xunit/VsTestRunner2/netcoreapp","Source":"C:\\Users\\ijuliani\\source\\repos\\AtivaBank\\AtivaBank.Test\\bin\\Debug\\net6.0\\fine-code-coverage\\build-output\\AtivaBank.Test.dll","CodeFilePath":null,"LineNumber":0,"Properties":[]},"Attachments":[],"Outcome":1,"ErrorMessage":null,"ErrorStackTrace":null,"DisplayName":"AtivaBank.Test.MovementControllerTest.TransferValue_Success","Messages":[],"ComputerName":"NOTE031BAR","Duration":"00:00:00.1278327","StartTime":"2023-06-26T18:54:44.1944911+00:00","EndTime":"2023-06-26T18:54:44.1945203+00:00","Properties":[]},{"TestCase":{"Id":"5c5b0204-170c-16e6-946a-b3e2845c3bcd","FullyQualifiedName":"AtivaBank.Test.AccountControllerTest.CreateAccount_Success","DisplayName":"AtivaBank.Test.AccountControllerTest.CreateAccount_Success","ExecutorUri":"executor://xunit/VsTestRunner2/netcoreapp","Source":"C:\\Users\\ijuliani\\source\\repos\\AtivaBank\\AtivaBank.Test\\bin\\Debug\\net6.0\\fine-code-coverage\\build-output\\AtivaBank.Test.dll","CodeFilePath":null,"LineNumber":0,"Properties":[]},"Attachments":[],"Outcome":1,"ErrorMessage":null,"ErrorStackTrace":null,"DisplayName":"AtivaBank.Test.AccountControllerTest.CreateAccount_Success","Messages":[],"ComputerName":"NOTE031BAR","Duration":"00:00:00.1278269","StartTime":"2023-06-26T18:54:44.2150616+00:00","EndTime":"2023-06-26T18:54:44.2150616+00:00","Properties":[]},{"TestCase":{"Id":"de8271f7-4cf6-314d-61b6-b948f72b0ff3","FullyQualifiedName":"AtivaBank.Test.AccountControllerTest.GetBalance_Success","DisplayName":"AtivaBank.Test.AccountControllerTest.GetBalance_Success","ExecutorUri":"executor://xunit/VsTestRunner2/netcoreapp","Source":"C:\\Users\\ijuliani\\source\\repos\\AtivaBank\\AtivaBank.Test\\bin\\Debug\\net6.0\\fine-code-coverage\\build-output\\AtivaBank.Test.dll","CodeFilePath":null,"LineNumber":0,"Properties":[]},"Attachments":[],"Outcome":1,"ErrorMessage":null,"ErrorStackTrace":null,"DisplayName":"AtivaBank.Test.AccountControllerTest.GetBalance_Success","Messages":[],"ComputerName":"NOTE031BAR","Duration":"00:00:00.0037378","StartTime":"2023-06-26T18:54:44.2189502+00:00","EndTime":"2023-06-26T18:54:44.2189503+00:00","Properties":[]},{"TestCase":{"Id":"33e4d6f2-c42a-4537-8cab-6cc9878273a3","FullyQualifiedName":"AtivaBank.Test.MovementControllerTest.WithdrawValue_Success","DisplayName":"AtivaBank.Test.MovementControllerTest.WithdrawValue_Success","ExecutorUri":"executor://xunit/VsTestRunner2/netcoreapp","Source":"C:\\Users\\ijuliani\\source\\repos\\AtivaBank\\AtivaBank.Test\\bin\\Debug\\net6.0\\fine-code-coverage\\build-output\\AtivaBank.Test.dll","CodeFilePath":null,"LineNumber":0,"Properties":[]},"Attachments":[],"Outcome":1,"ErrorMessage":null,"ErrorStackTrace":null,"DisplayName":"AtivaBank.Test.MovementControllerTest.WithdrawValue_Success","Messages":[],"ComputerName":"NOTE031BAR","Duration":"00:00:00.0150292","StartTime":"2023-06-26T18:54:44.2200318+00:00","EndTime":"2023-06-26T18:54:44.2200319+00:00","Properties":[]},{"TestCase":{"Id":"2aff46aa-4532-b45f-178d-66405719fbd0","FullyQualifiedName":"AtivaBank.Test.MovementControllerTest.DepositValue_Success","DisplayName":"AtivaBank.Test.MovementControllerTest.DepositValue_Success","ExecutorUri":"executor://xunit/VsTestRunner2/netcoreapp","Source":"C:\\Users\\ijuliani\\source\\repos\\AtivaBank\\AtivaBank.Test\\bin\\Debug\\net6.0\\fine-code-coverage\\build-output\\AtivaBank.Test.dll","CodeFilePath":null,"LineNumber":0,"Properties":[]},"Attachments":[],"Outcome":1,"ErrorMessage":null,"ErrorStackTrace":null,"DisplayName":"AtivaBank.Test.MovementControllerTest.DepositValue_Success","Messages":[],"ComputerName":"NOTE031BAR","Duration":"00:00:00.0033698","StartTime":"2023-06-26T18:54:44.2228821+00:00","EndTime":"2023-06-26T18:54:44.2228828+00:00","Properties":[]}],"TestRunStatistics":{"ExecutedTests":5,"Stats":{"Passed":5}},"ActiveTests":[]},"RunAttachments":[],"ExecutorUris":["executor://xunit/VsTestRunner2/netcoreapp"]}}
TpTrace Verbose: 0 : 37456, 7, 2023/06/26, 15:54:44.251, 2854485861430, vstest.console.dll, TestRequestSender.EndSession: Sending end session.
TpTrace Verbose: 0 : 37456, 7, 2023/06/26, 15:54:44.251, 2854485863360, vstest.console.dll, ProxyOperationManager.Close: waiting for test host to exit for 100 ms
TpTrace Warning: 0 : 37456, 13, 2023/06/26, 15:54:44.338, 2854486733509, vstest.console.dll, TestHostManagerCallbacks.ErrorReceivedCallback Test host standard error line: 
TpTrace Verbose: 0 : 37456, 8, 2023/06/26, 15:54:44.355, 2854486899740, vstest.console.dll, TestHostProvider.ExitCallBack: Host exited starting callback.
TpTrace Information: 0 : 37456, 8, 2023/06/26, 15:54:44.355, 2854486906015, vstest.console.dll, TestHostManagerCallbacks.ExitCallBack: Testhost processId: 15108 exited with exitcode: 0 error: ''
TpTrace Verbose: 0 : 37456, 8, 2023/06/26, 15:54:44.356, 2854486906784, vstest.console.dll, DotnetTestHostManager.OnHostExited: invoking OnHostExited callback
TpTrace Verbose: 0 : 37456, 8, 2023/06/26, 15:54:44.356, 2854486907306, vstest.console.dll, CrossPlatEngine.TestHostManagerHostExited: calling on client process exit callback.
TpTrace Information: 0 : 37456, 8, 2023/06/26, 15:54:44.356, 2854486907834, vstest.console.dll, TestRequestSender.OnClientProcessExit: Test host process exited. Standard error: 
TpTrace Information: 0 : 37456, 7, 2023/06/26, 15:54:44.356, 2854486908246, vstest.console.dll, SocketServer.Stop: Stop server endPoint: 127.0.0.1:51147
TpTrace Information: 0 : 37456, 8, 2023/06/26, 15:54:44.356, 2854486908502, vstest.console.dll, SocketServer.Stop: Stop server endPoint: 127.0.0.1:51147
TpTrace Information: 0 : 37456, 7, 2023/06/26, 15:54:44.356, 2854486909107, vstest.console.dll, SocketServer.Stop: Cancellation requested. Stopping message loop.
TpTrace Information: 0 : 37456, 8, 2023/06/26, 15:54:44.356, 2854486909696, vstest.console.dll, SocketServer.Stop: Cancellation requested. Stopping message loop.
TpTrace Information: 0 : 37456, 7, 2023/06/26, 15:54:44.356, 2854486910894, vstest.console.dll, Closing the connection
TpTrace Warning: 0 : 37456, 7, 2023/06/26, 15:54:44.356, 2854486911264, vstest.console.dll, ProxyOperationManager: Timed out waiting for test host to exit. Will terminate process.
TpTrace Verbose: 0 : 37456, 7, 2023/06/26, 15:54:44.357, 2854486919451, vstest.console.dll, ProxyDataCollectionManager.InvokeDataCollectionServiceAction: Starting.
TpTrace Information: 0 : 37456, 7, 2023/06/26, 15:54:44.357, 2854486920101, vstest.console.dll, ProxyDataCollectionManager.AfterTestRunEnd: Get attachment set for datacollector processId: 44340 port: 51140
TpTrace Verbose: 0 : 37456, 7, 2023/06/26, 15:54:44.357, 2854486920828, vstest.console.dll, DataCollectionRequestSender.SendAfterTestRunStartAndGetResult : Send AfterTestRunEnd message with isCancelled: False
TpTrace Verbose: 0 : 37456, 7, 2023/06/26, 15:54:44.362, 2854486969402, vstest.console.dll, DataCollectionRequestSender.SendAfterTestRunStartAndGetResult : Received message: (DataCollection.AfterTestRunEndResult) -> {
  "AttachmentSets": [],
  "Metrics": {}
}
TpTrace Information: 0 : 37456, 7, 2023/06/26, 15:54:44.366, 2854487010284, vstest.console.dll, ProxyDataCollectionManager.InvokeDataCollectionServiceAction: Completed.
TpTrace Warning: 0 : 37456, 10, 2023/06/26, 15:54:44.396, 2854487311593, vstest.console.dll, DataCollectionLauncher.ErrorReceivedCallback datacollector standard error line: 
TpTrace Information: 0 : 37456, 8, 2023/06/26, 15:54:44.401, 2854487358607, vstest.console.dll, DataCollectionLauncher.ExitCallBack: Data collector exited with exitcode: 0 error: ''
TpTrace Verbose: 0 : 37456, 7, 2023/06/26, 15:54:44.403, 2854487381271, vstest.console.dll, TestRunRequest:SendTestRunStatsChange: Starting.
TpTrace Information: 0 : 37456, 7, 2023/06/26, 15:54:44.403, 2854487383148, vstest.console.dll, TestRunRequest:SendTestRunStatsChange: Completed.
TpTrace Verbose: 0 : 37456, 7, 2023/06/26, 15:54:44.403, 2854487384765, vstest.console.dll, ParallelProxyExecutionManager: HandlePartialRunComplete: Total completed clients = 1, Run complete = True, Run canceled: False.
TpTrace Verbose: 0 : 37456, 7, 2023/06/26, 15:54:44.428, 2854487627798, vstest.console.dll, TestRunRequest:TestRunComplete: Starting. IsAborted:False IsCanceled:False.
TpTrace Verbose: 0 : 37456, 7, 2023/06/26, 15:54:44.428, 2854487631317, vstest.console.dll, TestLoggerManager.HandleTestRunComplete: Ignoring as the object is disposed.
TpTrace Information: 0 : 37456, 7, 2023/06/26, 15:54:44.428, 2854487636067, vstest.console.dll, TestRunRequest:TestRunComplete: Completed.
TpTrace Verbose: 0 : 37456, 1, 2023/06/26, 15:54:44.429, 2854487636720, vstest.console.dll, TestRunRequest.Dispose: Starting.
TpTrace Verbose: 0 : 37456, 7, 2023/06/26, 15:54:44.429, 2854487636866, vstest.console.dll, TestRequestSender.SetOperationComplete: Setting operation complete.
TpTrace Information: 0 : 37456, 1, 2023/06/26, 15:54:44.429, 2854487637786, vstest.console.dll, TestRunRequest.Dispose: Completed.
TpTrace Information: 0 : 37456, 7, 2023/06/26, 15:54:44.429, 2854487638432, vstest.console.dll, SocketServer.Stop: Stop server endPoint: 127.0.0.1:51147
TpTrace Information: 0 : 37456, 1, 2023/06/26, 15:54:44.429, 2854487638983, vstest.console.dll, TestRequestManager.RunTests: run tests completed.
TpTrace Information: 0 : 37456, 7, 2023/06/26, 15:54:44.429, 2854487639398, vstest.console.dll, SocketServer.Stop: Cancellation requested. Stopping message loop.
TpTrace Information: 0 : 37456, 7, 2023/06/26, 15:54:44.429, 2854487640090, vstest.console.dll, SocketServer.PrivateStop: Stopping server endPoint: 127.0.0.1:51147 error: 
TpTrace Information: 0 : 37456, 1, 2023/06/26, 15:54:44.429, 2854487640112, vstest.console.dll, RunTestsArgumentProcessor:Execute: Test run is completed.
TpTrace Verbose: 0 : 37456, 1, 2023/06/26, 15:54:44.429, 2854487643131, vstest.console.dll, Executor.Execute: Exiting with exit code of 0
TpTrace Verbose: 0 : 37456, 7, 2023/06/26, 15:54:44.430, 2854487647012, vstest.console.dll, LengthPrefixCommunicationChannel.Dispose: Dispose reader and writer.
TpTrace Information: 0 : 37456, 7, 2023/06/26, 15:54:44.430, 2854487648118, vstest.console.dll, SocketServer.Stop: Raise disconnected event endPoint: 127.0.0.1:51147 error: 
TpTrace Verbose: 0 : 37456, 7, 2023/06/26, 15:54:44.430, 2854487649369, vstest.console.dll, TestRequestSender: OnTestRunAbort: Operation is already complete. Skip error message.
